line_buffer_m[0][0][0]=0
line_buffer_m[0][0][1]=0
line_buffer_m[0][0][2]=0
line_buffer_m[0][0][3]=0
line_buffer_m[0][0][4]=0
line_buffer_m[0][0][5]=0
line_buffer_m[0][0][6]=0
line_buffer_m[0][0][7]=0
line_buffer_m[0][0][8]=0
line_buffer_m[0][0][9]=0
line_buffer_m[0][1][0]=0
line_buffer_m[0][1][1]=0
line_buffer_m[0][1][2]=0
line_buffer_m[0][1][3]=0
line_buffer_m[0][1][4]=0
line_buffer_m[0][1][5]=0
line_buffer_m[0][1][6]=0
line_buffer_m[0][1][7]=0
line_buffer_m[0][1][8]=0
line_buffer_m[0][1][9]=0
line_buffer_m[0][2][0]=0
line_buffer_m[0][2][1]=0
line_buffer_m[0][2][2]=0
line_buffer_m[0][2][3]=0
line_buffer_m[0][2][4]=0
line_buffer_m[0][2][5]=0
line_buffer_m[0][2][6]=0
line_buffer_m[0][2][7]=0
line_buffer_m[0][2][8]=0
line_buffer_m[0][2][9]=0
line_buffer_m[1][0][0]=0
line_buffer_m[1][0][1]=0
line_buffer_m[1][0][2]=0
line_buffer_m[1][0][3]=0
line_buffer_m[1][0][4]=0
line_buffer_m[1][0][5]=0
line_buffer_m[1][0][6]=0
line_buffer_m[1][0][7]=0
line_buffer_m[1][0][8]=0
line_buffer_m[1][0][9]=0
line_buffer_m[1][1][0]=0
line_buffer_m[1][1][1]=0
line_buffer_m[1][1][2]=0
line_buffer_m[1][1][3]=0
line_buffer_m[1][1][4]=0
line_buffer_m[1][1][5]=0
line_buffer_m[1][1][6]=0
line_buffer_m[1][1][7]=0
line_buffer_m[1][1][8]=0
line_buffer_m[1][1][9]=0
line_buffer_m[1][2][0]=0
line_buffer_m[1][2][1]=0
line_buffer_m[1][2][2]=0
line_buffer_m[1][2][3]=0
line_buffer_m[1][2][4]=0
line_buffer_m[1][2][5]=0
line_buffer_m[1][2][6]=0
line_buffer_m[1][2][7]=0
line_buffer_m[1][2][8]=0
line_buffer_m[1][2][9]=0
line_buffer_m[2][0][0]=0
line_buffer_m[2][0][1]=0
line_buffer_m[2][0][2]=0
line_buffer_m[2][0][3]=0
line_buffer_m[2][0][4]=0
line_buffer_m[2][0][5]=0
line_buffer_m[2][0][6]=0
line_buffer_m[2][0][7]=0
line_buffer_m[2][0][8]=0
line_buffer_m[2][0][9]=0
line_buffer_m[2][1][0]=0
line_buffer_m[2][1][1]=0
line_buffer_m[2][1][2]=0
line_buffer_m[2][1][3]=0
line_buffer_m[2][1][4]=0
line_buffer_m[2][1][5]=0
line_buffer_m[2][1][6]=0
line_buffer_m[2][1][7]=0
line_buffer_m[2][1][8]=0
line_buffer_m[2][1][9]=0
line_buffer_m[2][2][0]=0
line_buffer_m[2][2][1]=0
line_buffer_m[2][2][2]=0
line_buffer_m[2][2][3]=0
line_buffer_m[2][2][4]=0
line_buffer_m[2][2][5]=0
line_buffer_m[2][2][6]=0
line_buffer_m[2][2][7]=0
line_buffer_m[2][2][8]=0
line_buffer_m[2][2][9]=0
line_buffer_m[3][0][0]=0
line_buffer_m[3][0][1]=0
line_buffer_m[3][0][2]=0
line_buffer_m[3][0][3]=0
line_buffer_m[3][0][4]=0
line_buffer_m[3][0][5]=0
line_buffer_m[3][0][6]=0
line_buffer_m[3][0][7]=0
line_buffer_m[3][0][8]=0
line_buffer_m[3][0][9]=0
line_buffer_m[3][1][0]=0
line_buffer_m[3][1][1]=0
line_buffer_m[3][1][2]=0
line_buffer_m[3][1][3]=0
line_buffer_m[3][1][4]=0
line_buffer_m[3][1][5]=0
line_buffer_m[3][1][6]=0
line_buffer_m[3][1][7]=0
line_buffer_m[3][1][8]=0
line_buffer_m[3][1][9]=0
line_buffer_m[3][2][0]=0
line_buffer_m[3][2][1]=0
line_buffer_m[3][2][2]=0
line_buffer_m[3][2][3]=0
line_buffer_m[3][2][4]=0
line_buffer_m[3][2][5]=0
line_buffer_m[3][2][6]=0
line_buffer_m[3][2][7]=0
line_buffer_m[3][2][8]=0
line_buffer_m[3][2][9]=0
line_buffer_m[4][0][0]=0
line_buffer_m[4][0][1]=0
line_buffer_m[4][0][2]=0
line_buffer_m[4][0][3]=0
line_buffer_m[4][0][4]=0
line_buffer_m[4][0][5]=0
line_buffer_m[4][0][6]=0
line_buffer_m[4][0][7]=0
line_buffer_m[4][0][8]=0
line_buffer_m[4][0][9]=0
line_buffer_m[4][1][0]=0
line_buffer_m[4][1][1]=0
line_buffer_m[4][1][2]=0
line_buffer_m[4][1][3]=0
line_buffer_m[4][1][4]=0
line_buffer_m[4][1][5]=0
line_buffer_m[4][1][6]=0
line_buffer_m[4][1][7]=0
line_buffer_m[4][1][8]=0
line_buffer_m[4][1][9]=0
line_buffer_m[4][2][0]=0
line_buffer_m[4][2][1]=1
line_buffer_m[4][2][2]=1
line_buffer_m[4][2][3]=1
line_buffer_m[4][2][4]=1
line_buffer_m[4][2][5]=1
line_buffer_m[4][2][6]=1
line_buffer_m[4][2][7]=1
line_buffer_m[4][2][8]=1
line_buffer_m[4][2][9]=1
line_buffer_m[5][0][0]=0
line_buffer_m[5][0][1]=0
line_buffer_m[5][0][2]=0
line_buffer_m[5][0][3]=0
line_buffer_m[5][0][4]=0
line_buffer_m[5][0][5]=0
line_buffer_m[5][0][6]=0
line_buffer_m[5][0][7]=0
line_buffer_m[5][0][8]=0
line_buffer_m[5][0][9]=0
line_buffer_m[5][1][0]=0
line_buffer_m[5][1][1]=0
line_buffer_m[5][1][2]=0
line_buffer_m[5][1][3]=0
line_buffer_m[5][1][4]=0
line_buffer_m[5][1][5]=0
line_buffer_m[5][1][6]=0
line_buffer_m[5][1][7]=0
line_buffer_m[5][1][8]=0
line_buffer_m[5][1][9]=0
line_buffer_m[5][2][0]=1
line_buffer_m[5][2][1]=1
line_buffer_m[5][2][2]=1
line_buffer_m[5][2][3]=1
line_buffer_m[5][2][4]=1
line_buffer_m[5][2][5]=1
line_buffer_m[5][2][6]=1
line_buffer_m[5][2][7]=1
line_buffer_m[5][2][8]=1
line_buffer_m[5][2][9]=1
line_buffer_m[6][0][0]=0
line_buffer_m[6][0][1]=0
line_buffer_m[6][0][2]=0
line_buffer_m[6][0][3]=0
line_buffer_m[6][0][4]=0
line_buffer_m[6][0][5]=0
line_buffer_m[6][0][6]=0
line_buffer_m[6][0][7]=0
line_buffer_m[6][0][8]=0
line_buffer_m[6][0][9]=0
line_buffer_m[6][1][0]=0
line_buffer_m[6][1][1]=0
line_buffer_m[6][1][2]=0
line_buffer_m[6][1][3]=0
line_buffer_m[6][1][4]=0
line_buffer_m[6][1][5]=0
line_buffer_m[6][1][6]=0
line_buffer_m[6][1][7]=0
line_buffer_m[6][1][8]=0
line_buffer_m[6][1][9]=0
line_buffer_m[6][2][0]=1
line_buffer_m[6][2][1]=1
line_buffer_m[6][2][2]=1
line_buffer_m[6][2][3]=1
line_buffer_m[6][2][4]=1
line_buffer_m[6][2][5]=1
line_buffer_m[6][2][6]=1
line_buffer_m[6][2][7]=1
line_buffer_m[6][2][8]=1
line_buffer_m[6][2][9]=1
line_buffer_m[7][0][0]=0
line_buffer_m[7][0][1]=0
line_buffer_m[7][0][2]=0
line_buffer_m[7][0][3]=0
line_buffer_m[7][0][4]=0
line_buffer_m[7][0][5]=0
line_buffer_m[7][0][6]=0
line_buffer_m[7][0][7]=0
line_buffer_m[7][0][8]=0
line_buffer_m[7][0][9]=0
line_buffer_m[7][1][0]=0
line_buffer_m[7][1][1]=0
line_buffer_m[7][1][2]=0
line_buffer_m[7][1][3]=0
line_buffer_m[7][1][4]=0
line_buffer_m[7][1][5]=0
line_buffer_m[7][1][6]=0
line_buffer_m[7][1][7]=0
line_buffer_m[7][1][8]=0
line_buffer_m[7][1][9]=0
line_buffer_m[7][2][0]=1
line_buffer_m[7][2][1]=1
line_buffer_m[7][2][2]=1
line_buffer_m[7][2][3]=1
line_buffer_m[7][2][4]=1
line_buffer_m[7][2][5]=1
line_buffer_m[7][2][6]=1
line_buffer_m[7][2][7]=1
line_buffer_m[7][2][8]=1
line_buffer_m[7][2][9]=0
conv_params_m[0][0]=-1
conv_params_m[0][1]=-1
conv_params_m[0][2]=-1
conv_params_m[1][0]=-1
conv_params_m[1][1]=-1
conv_params_m[1][2]=0
conv_params_m[2][0]=-1
conv_params_m[2][1]=0
conv_params_m[2][2]=0
conv_out_buffer_m[0] = 0;
conv_out_buffer_m[1] = 0;
conv_out_buffer_m[2] = 0;
conv_out_buffer_m[3] = 0;
conv_out_buffer_m[4] = 0;
conv_out_buffer_m[5] = 0;
conv_out_buffer_m[6] = 0;
conv_out_buffer_m[7] = 0;
conv_out_buffer_m[8] = 0;
conv_out_buffer_m[9] = 0;
conv_out_buffer_m[10] = 0;
conv_out_buffer_m[11] = 0;
conv_out_buffer_m[12] = 0;
conv_out_buffer_m[13] = 0;
conv_out_buffer_m[14] = 0;
conv_out_buffer_m[15] = 0;
conv_out_buffer_m[16] = 0;
conv_out_buffer_m[17] = 0;
conv_out_buffer_m[18] = 0;
conv_out_buffer_m[19] = 0;
conv_out_buffer_m[20] = 0;
conv_out_buffer_m[21] = 0;
conv_out_buffer_m[22] = 0;
conv_out_buffer_m[23] = 0;
conv_out_buffer_m[24] = 0;
conv_out_buffer_m[25] = 0;
conv_out_buffer_m[26] = 0;
conv_out_buffer_m[27] = 0;
conv_out_buffer_m[28] = 0;
conv_out_buffer_m[29] = 0;
conv_out_buffer_m[30] = 0;
conv_out_buffer_m[31] = 0;
conv_out_buffer_m[32] = -2;
conv_out_buffer_m[33] = -3;
conv_out_buffer_m[34] = -3;
conv_out_buffer_m[35] = -3;
conv_out_buffer_m[36] = -3;
conv_out_buffer_m[37] = -3;
conv_out_buffer_m[38] = -3;
conv_out_buffer_m[39] = -3;
conv_out_buffer_m[40] = -3;
conv_out_buffer_m[41] = -3;
conv_out_buffer_m[42] = -3;
conv_out_buffer_m[43] = -3;
conv_out_buffer_m[44] = -3;
conv_out_buffer_m[45] = -3;
conv_out_buffer_m[46] = -3;
conv_out_buffer_m[47] = -3;
conv_out_buffer_m[48] = -3;
conv_out_buffer_m[49] = -3;
conv_out_buffer_m[50] = -3;
conv_out_buffer_m[51] = -3;
conv_out_buffer_m[52] = -3;
conv_out_buffer_m[53] = -3;
conv_out_buffer_m[54] = -3;
conv_out_buffer_m[55] = -3;
conv_out_buffer_m[56] = -3;
conv_out_buffer_m[57] = -3;
conv_out_buffer_m[58] = -3;
conv_out_buffer_m[59] = -3;
conv_out_buffer_m[60] = -3;
conv_out_buffer_m[61] = -3;
conv_out_buffer_m[62] = -3;
conv_out_buffer_m[63] = -2;

