.
├── BSP
│   ├── floorplan_static_wrapper.xsa
│   └── ultra96v2
│       ├── 1.0
│       │   ├── board.xml
│       │   ├── part0_pins.xml
│       │   ├── preset.xml
│       │   └── ultra96v2.jpg
│       └── 1.1
│           ├── board.xml
│           ├── part0_pins.xml
│           ├── preset.xml
│           ├── ultra96v2.jpg
│           └── ultra96v2_top.jpg
├── common
│   ├── bft_src
│   │   ├── axi_pe.v
│   │   ├── basic
│   │   │   └── basic.v
│   │   ├── common
│   │   │   ├── direction_determiner.v
│   │   │   ├── direction_params.vh
│   │   │   ├── interface.v
│   │   │   └── SynFIFO.v
│   │   ├── data_pattern.txt
│   │   ├── gen_nw_tb.v
│   │   ├── gen_nw.v
│   │   ├── gen_packet_creator.v
│   │   ├── Makefile
│   │   ├── network_generator.py
│   │   ├── network_tester.py
│   │   ├── pi
│   │   │   ├── pi_arbiter.v
│   │   │   ├── pi_cluster.v
│   │   │   └── pi_switch.v
│   │   ├── saved_simulation.log
│   │   ├── t
│   │   │   ├── t_arbiter.v
│   │   │   ├── t_cluster.v
│   │   │   └── t_switch.v
│   │   ├── tb
│   │   │   ├── backup.v
│   │   │   ├── direction_determiner_tb.v
│   │   │   ├── out.txt
│   │   │   ├── parse_txt.py
│   │   │   ├── pi_arbiter_tb.v
│   │   │   ├── pi_arbiter_tb_vision_1.v
│   │   │   ├── pi_arbiter_tb.vvp
│   │   │   ├── pi_arbiter.vcd
│   │   │   ├── pi_arbiter.vvp
│   │   │   ├── pi_out_1.txt
│   │   │   ├── pi_out.txt
│   │   │   ├── pi_switch_tb.v
│   │   │   ├── t_arbiter_tb.v
│   │   │   ├── t_arbiter_tb.vvp
│   │   │   ├── t_arbiter.vcd
│   │   │   ├── t_out.txt
│   │   │   └── t_switch_tb.v
│   │   ├── testbench_generator.py
│   │   ├── trace.py
│   │   └── verilog_to_strlist.py
│   ├── configure
│   │   └── configure.xml
│   ├── driver_src
│   │   ├── config.cpp
│   │   └── config.h
│   ├── riscv_32bram
│   │   ├── dummy.tcl
│   │   ├── run.sh
│   │   ├── src
│   │   │   ├── Config_Controls.v
│   │   │   ├── converge_ctrl.v
│   │   │   ├── ExtractCtrl.v
│   │   │   ├── Input_Port_Cluster.v
│   │   │   ├── Input_Port.v
│   │   │   ├── instr_config.v
│   │   │   ├── leaf_interface.v
│   │   │   ├── leaf.v
│   │   │   ├── Output_Port_Cluster.v
│   │   │   ├── Output_Port.v
│   │   │   ├── picorv32.v
│   │   │   ├── picorv32_wrapper.v
│   │   │   ├── picorv_mem.v
│   │   │   ├── ram0.v
│   │   │   ├── ram2.v
│   │   │   ├── read_b_in.v
│   │   │   ├── riscv2consumer.v
│   │   │   ├── rise_detect.v
│   │   │   ├── Stream_Flow_Control.v
│   │   │   ├── write_b_in.v
│   │   │   ├── write_b_out.v
│   │   │   ├── xram2.v
│   │   │   └── xram_triple.v
│   │   └── utilization.rpt
│   ├── riscv_src
│   │   ├── riscv
│   │   │   ├── ap_fixed.h
│   │   │   ├── ap_int.h
│   │   │   ├── firmware.h
│   │   │   ├── firmware.map
│   │   │   ├── hls_stream.h
│   │   │   ├── hls_video.h
│   │   │   ├── main.cpp
│   │   │   ├── Makefile
│   │   │   ├── makehex.py
│   │   │   ├── print.cpp
│   │   │   ├── run.sh
│   │   │   ├── sections.lds
│   │   │   ├── start.h
│   │   │   ├── start.S
│   │   │   └── stream.cpp
│   │   └── src
│   │       ├── picorv32.v
│   │       ├── picorv32_wrapper.v
│   │       ├── picorv_mem.v
│   │       ├── ram0.v
│   │       ├── riscv2consumer.v
│   │       ├── rise_detect.v
│   │       └── xram2.v
│   ├── script_src
│   │   └── project_syn_gen_ultra96.tcl
│   ├── sim_src
│   │   ├── counter1.v
│   │   └── test.v
│   └── verilog_src
│       ├── axi2stream_v1_0.v
│       ├── AxiLite2Bft_v2_0.v
│       ├── bft.v
│       ├── Config_Controls.v
│       ├── converge_ctrl.v
│       ├── converter.v
│       ├── ExtractCtrl.v
│       ├── fifo_stream_in.v
│       ├── fifo_stream_out.v
│       ├── floorplan_static_wrapper.v
│       ├── gen_nw_vivado.v
│       ├── Input_Port_Cluster.v
│       ├── Input_Port.v
│       ├── instr_config.v
│       ├── InterfaceWapper1.v
│       ├── InterfaceWapper7.v
│       ├── leaf_empty.v
│       ├── leaf_interface.v
│       ├── Output_Port_Cluster.v
│       ├── Output_Port.v
│       ├── pblocks.xdc
│       ├── read_b_in.v
│       ├── rise_detect.v
│       ├── Stream_Flow_Control.v
│       ├── SynFIFO.v
│       ├── user_kernel.v
│       ├── write_b_in.v
│       └── write_b_out.v
├── detect.sh
├── images
│   ├── configuration.png
│   ├── empty_cpp.png
│   ├── Overlay_ultra96.png
│   └── vitis_src.png
├── input_src
│   └── rendering
│       ├── backup
│       │   └── data_redir_m.cpp
│       ├── host
│       │   ├── 3d_rendering_host.cpp
│       │   ├── ap_uint.h
│       │   ├── check_result.cpp
│       │   ├── check_result.h
│       │   ├── data_gen.cpp
│       │   ├── input_data.h
│       │   ├── top.cpp
│       │   ├── top.h
│       │   ├── typedefs.h
│       │   ├── utils.cpp
│       │   └── utils.h
│       ├── operators
│       │   ├── coloringFB_bot_m.cpp
│       │   ├── coloringFB_bot_m.h
│       │   ├── coloringFB_top_m.cpp
│       │   ├── coloringFB_top_m.h
│       │   ├── data_redir_m.cpp
│       │   ├── data_redir_m.h
│       │   ├── rasterization2_m.cpp
│       │   ├── rasterization2_m.h
│       │   ├── zculling_bot.cpp
│       │   ├── zculling_bot.h
│       │   ├── zculling_top.cpp
│       │   └── zculling_top.h
│       └── sdk
│           ├── dma_driver.cc
│           ├── dma_driver.h
│           ├── host.cc
│           ├── input_data.h
│           ├── my_timer.cc
│           ├── my_timer.h
│           ├── stream.cc
│           ├── stream.h
│           └── typedefs.h
├── Makefile
├── out.log
├── pr_flow
│   ├── bft.py
│   ├── bft.pyc
│   ├── bit.py
│   ├── bit.pyc
│   ├── config.py
│   ├── config.pyc
│   ├── gen_basic.py
│   ├── gen_basic.pyc
│   ├── hls.py
│   ├── hls.pyc
│   ├── impl.py
│   ├── impl.pyc
│   ├── __init__.py
│   ├── __init__.pyc
│   ├── ip_repo.py
│   ├── ip_repo.pyc
│   ├── mbft.py
│   ├── mbft.pyc
│   ├── overlay.py
│   ├── overlay.pyc
│   ├── __pycache__
│   │   ├── gen_bft.cpython-36.pyc
│   │   ├── gen_bft.cpython-37.pyc
│   │   ├── __init__.cpython-36.pyc
│   │   ├── __init__.cpython-37.pyc
│   │   ├── overlay.cpython-36.pyc
│   │   ├── utils.cpython-36.pyc
│   │   └── utils.cpython-37.pyc
│   ├── report.py
│   ├── report.pyc
│   ├── syn.py
│   ├── syn.pyc
│   ├── utils.py
│   └── utils.pyc
├── pr_flow.py
├── README.md
├── setup.sh
└── workspace
    ├── F000_bft_gen
    │   ├── basic
    │   │   └── basic.v
    │   ├── common
    │   │   ├── direction_determiner.v
    │   │   ├── direction_params.vh
    │   │   ├── interface.v
    │   │   └── SynFIFO.v
    │   ├── gen_nw.v
    │   ├── gen_nw_vivado.v
    │   ├── Makefile
    │   ├── network_generator.py
    │   ├── network_tester.py
    │   ├── pi
    │   │   ├── pi_arbiter.v
    │   │   ├── pi_cluster.v
    │   │   └── pi_switch.v
    │   ├── __pycache__
    │   │   ├── network_generator.cpython-36.pyc
    │   │   └── testbench_generator.cpython-36.pyc
    │   ├── saved_simulation.log
    │   ├── t
    │   │   ├── t_arbiter.v
    │   │   ├── t_cluster.v
    │   │   └── t_switch.v
    │   ├── tb
    │   │   ├── backup.v
    │   │   ├── direction_determiner_tb.v
    │   │   ├── out.txt
    │   │   ├── parse_txt.py
    │   │   ├── pi_arbiter_tb.v
    │   │   ├── pi_arbiter_tb_vision_1.v
    │   │   ├── pi_arbiter_tb.vvp
    │   │   ├── pi_arbiter.vcd
    │   │   ├── pi_arbiter.vvp
    │   │   ├── pi_out_1.txt
    │   │   ├── pi_out.txt
    │   │   ├── pi_switch_tb.v
    │   │   ├── t_arbiter_tb.v
    │   │   ├── t_arbiter_tb.vvp
    │   │   ├── t_arbiter.vcd
    │   │   ├── t_out.txt
    │   │   └── t_switch_tb.v
    │   ├── testbench_generator.py
    │   ├── trace.py
    │   └── verilog_to_strlist.py
    ├── F001_overlay
    │   ├── dummy_repo
    │   │   ├── riscv_32bram
    │   │   │   ├── dummy.tcl
    │   │   │   ├── run.sh
    │   │   │   ├── src
    │   │   │   │   ├── Config_Controls.v
    │   │   │   │   ├── converge_ctrl.v
    │   │   │   │   ├── ExtractCtrl.v
    │   │   │   │   ├── Input_Port_Cluster.v
    │   │   │   │   ├── Input_Port.v
    │   │   │   │   ├── instr_config.v
    │   │   │   │   ├── leaf_interface.v
    │   │   │   │   ├── leaf.v
    │   │   │   │   ├── Output_Port_Cluster.v
    │   │   │   │   ├── Output_Port.v
    │   │   │   │   ├── picorv32.v
    │   │   │   │   ├── picorv32_wrapper.v
    │   │   │   │   ├── picorv_mem.v
    │   │   │   │   ├── ram0.v
    │   │   │   │   ├── ram2.v
    │   │   │   │   ├── read_b_in.v
    │   │   │   │   ├── riscv2consumer.v
    │   │   │   │   ├── rise_detect.v
    │   │   │   │   ├── Stream_Flow_Control.v
    │   │   │   │   ├── write_b_in.v
    │   │   │   │   ├── write_b_out.v
    │   │   │   │   ├── xram2.v
    │   │   │   │   └── xram_triple.v
    │   │   │   └── utilization.rpt
    │   │   └── user_kernel
    │   │       ├── dummy.tcl
    │   │       ├── leaf.v
    │   │       ├── page_netlist.dcp
    │   │       ├── runLog_user_kernel.log
    │   │       ├── run.sh
    │   │       ├── utilization.rpt
    │   │       ├── vivado.jou
    │   │       └── vivado.log
    │   ├── main.sh
    │   ├── mk_overlay.tcl
    │   ├── prj
    │   │   ├── floorplan_static.cache
    │   │   │   ├── compile_simlib
    │   │   │   │   ├── activehdl
    │   │   │   │   ├── ies
    │   │   │   │   ├── modelsim
    │   │   │   │   ├── questa
    │   │   │   │   ├── riviera
    │   │   │   │   ├── vcs
    │   │   │   │   └── xcelium
    │   │   │   ├── ip
    │   │   │   │   └── 2020.2
    │   │   │   └── wt
    │   │   │       ├── project.wpc
    │   │   │       └── synthesis.wdf
    │   │   ├── floorplan_static.gen
    │   │   │   └── sources_1
    │   │   │       └── bd
    │   │   │           ├── floorplan_static
    │   │   │           │   ├── floorplan_static.bda
    │   │   │           │   ├── floorplan_static.bxml
    │   │   │           │   ├── floorplan_static_ooc.xdc
    │   │   │           │   ├── hdl
    │   │   │           │   │   └── floorplan_static_wrapper.v
    │   │   │           │   ├── hw_handoff
    │   │   │           │   │   ├── floorplan_static_bd.tcl
    │   │   │           │   │   └── floorplan_static.hwh
    │   │   │           │   ├── ip
    │   │   │           │   │   ├── floorplan_static_auto_ds_0
    │   │   │           │   │   │   ├── floorplan_static_auto_ds_0_clocks.xdc
    │   │   │           │   │   │   ├── floorplan_static_auto_ds_0_ooc.xdc
    │   │   │           │   │   │   ├── floorplan_static_auto_ds_0.xml
    │   │   │           │   │   │   ├── sim
    │   │   │           │   │   │   │   ├── floorplan_static_auto_ds_0.cpp
    │   │   │           │   │   │   │   ├── floorplan_static_auto_ds_0.h
    │   │   │           │   │   │   │   ├── floorplan_static_auto_ds_0_sc.cpp
    │   │   │           │   │   │   │   ├── floorplan_static_auto_ds_0_sc.h
    │   │   │           │   │   │   │   ├── floorplan_static_auto_ds_0_stub.sv
    │   │   │           │   │   │   │   └── floorplan_static_auto_ds_0.v
    │   │   │           │   │   │   ├── src
    │   │   │           │   │   │   │   ├── axi_dwidth_converter.cpp
    │   │   │           │   │   │   │   └── axi_dwidth_converter.h
    │   │   │           │   │   │   └── synth
    │   │   │           │   │   │       └── floorplan_static_auto_ds_0.v
    │   │   │           │   │   ├── floorplan_static_auto_ds_1
    │   │   │           │   │   │   ├── floorplan_static_auto_ds_1_clocks.xdc
    │   │   │           │   │   │   ├── floorplan_static_auto_ds_1_ooc.xdc
    │   │   │           │   │   │   ├── floorplan_static_auto_ds_1.xml
    │   │   │           │   │   │   ├── sim
    │   │   │           │   │   │   │   ├── floorplan_static_auto_ds_1.cpp
    │   │   │           │   │   │   │   ├── floorplan_static_auto_ds_1.h
    │   │   │           │   │   │   │   ├── floorplan_static_auto_ds_1_sc.cpp
    │   │   │           │   │   │   │   ├── floorplan_static_auto_ds_1_sc.h
    │   │   │           │   │   │   │   ├── floorplan_static_auto_ds_1_stub.sv
    │   │   │           │   │   │   │   └── floorplan_static_auto_ds_1.v
    │   │   │           │   │   │   ├── src
    │   │   │           │   │   │   │   ├── axi_dwidth_converter.cpp
    │   │   │           │   │   │   │   └── axi_dwidth_converter.h
    │   │   │           │   │   │   └── synth
    │   │   │           │   │   │       └── floorplan_static_auto_ds_1.v
    │   │   │           │   │   ├── floorplan_static_auto_pc_0
    │   │   │           │   │   │   ├── floorplan_static_auto_pc_0_ooc.xdc
    │   │   │           │   │   │   ├── floorplan_static_auto_pc_0.xml
    │   │   │           │   │   │   ├── sim
    │   │   │           │   │   │   │   ├── floorplan_static_auto_pc_0.cpp
    │   │   │           │   │   │   │   ├── floorplan_static_auto_pc_0.h
    │   │   │           │   │   │   │   ├── floorplan_static_auto_pc_0_sc.cpp
    │   │   │           │   │   │   │   ├── floorplan_static_auto_pc_0_sc.h
    │   │   │           │   │   │   │   ├── floorplan_static_auto_pc_0_stub.sv
    │   │   │           │   │   │   │   └── floorplan_static_auto_pc_0.v
    │   │   │           │   │   │   ├── src
    │   │   │           │   │   │   │   ├── axi_protocol_converter.cpp
    │   │   │           │   │   │   │   └── axi_protocol_converter.h
    │   │   │           │   │   │   └── synth
    │   │   │           │   │   │       └── floorplan_static_auto_pc_0.v
    │   │   │           │   │   ├── floorplan_static_auto_pc_1
    │   │   │           │   │   │   ├── floorplan_static_auto_pc_1_ooc.xdc
    │   │   │           │   │   │   ├── floorplan_static_auto_pc_1.xml
    │   │   │           │   │   │   ├── sim
    │   │   │           │   │   │   │   ├── floorplan_static_auto_pc_1.cpp
    │   │   │           │   │   │   │   ├── floorplan_static_auto_pc_1.h
    │   │   │           │   │   │   │   ├── floorplan_static_auto_pc_1_sc.cpp
    │   │   │           │   │   │   │   ├── floorplan_static_auto_pc_1_sc.h
    │   │   │           │   │   │   │   ├── floorplan_static_auto_pc_1_stub.sv
    │   │   │           │   │   │   │   └── floorplan_static_auto_pc_1.v
    │   │   │           │   │   │   ├── src
    │   │   │           │   │   │   │   ├── axi_protocol_converter.cpp
    │   │   │           │   │   │   │   └── axi_protocol_converter.h
    │   │   │           │   │   │   └── synth
    │   │   │           │   │   │       └── floorplan_static_auto_pc_1.v
    │   │   │           │   │   ├── floorplan_static_axi2stream_v1_0_0_0
    │   │   │           │   │   │   ├── floorplan_static_axi2stream_v1_0_0_0.xml
    │   │   │           │   │   │   ├── sim
    │   │   │           │   │   │   │   └── floorplan_static_axi2stream_v1_0_0_0.v
    │   │   │           │   │   │   └── synth
    │   │   │           │   │   │       └── floorplan_static_axi2stream_v1_0_0_0.v
    │   │   │           │   │   ├── floorplan_static_axi_dma_0_0
    │   │   │           │   │   │   ├── floorplan_static_axi_dma_0_0_clocks.xdc
    │   │   │           │   │   │   ├── floorplan_static_axi_dma_0_0_ooc.xdc
    │   │   │           │   │   │   ├── floorplan_static_axi_dma_0_0.xdc
    │   │   │           │   │   │   ├── floorplan_static_axi_dma_0_0.xml
    │   │   │           │   │   │   ├── sim
    │   │   │           │   │   │   │   └── floorplan_static_axi_dma_0_0.vhd
    │   │   │           │   │   │   └── synth
    │   │   │           │   │   │       └── floorplan_static_axi_dma_0_0.vhd
    │   │   │           │   │   ├── floorplan_static_AxiLite2Bft_v2_0_0_0
    │   │   │           │   │   │   ├── floorplan_static_AxiLite2Bft_v2_0_0_0.xml
    │   │   │           │   │   │   ├── sim
    │   │   │           │   │   │   │   └── floorplan_static_AxiLite2Bft_v2_0_0_0.v
    │   │   │           │   │   │   └── synth
    │   │   │           │   │   │       └── floorplan_static_AxiLite2Bft_v2_0_0_0.v
    │   │   │           │   │   ├── floorplan_static_axi_smc_0
    │   │   │           │   │   │   ├── bd_0
    │   │   │           │   │   │   │   ├── bd_d7e7.bd
    │   │   │           │   │   │   │   ├── bd_d7e7.bxml
    │   │   │           │   │   │   │   ├── hdl
    │   │   │           │   │   │   │   │   └── bd_d7e7_wrapper.v
    │   │   │           │   │   │   │   ├── hw_handoff
    │   │   │           │   │   │   │   │   ├── floorplan_static_axi_smc_0_bd.tcl
    │   │   │           │   │   │   │   │   └── floorplan_static_axi_smc_0.hwh
    │   │   │           │   │   │   │   ├── ip
    │   │   │           │   │   │   │   │   ├── ip_0
    │   │   │           │   │   │   │   │   │   ├── bd_d7e7_one_0.xci
    │   │   │           │   │   │   │   │   │   ├── bd_d7e7_one_0.xml
    │   │   │           │   │   │   │   │   │   ├── sim
    │   │   │           │   │   │   │   │   │   │   ├── bd_d7e7_one_0.cpp
    │   │   │           │   │   │   │   │   │   │   ├── bd_d7e7_one_0.h
    │   │   │           │   │   │   │   │   │   │   ├── bd_d7e7_one_0_stub.sv
    │   │   │           │   │   │   │   │   │   │   ├── bd_d7e7_one_0.v
    │   │   │           │   │   │   │   │   │   │   └── xlconstant_v1_1_7.h
    │   │   │           │   │   │   │   │   │   └── synth
    │   │   │           │   │   │   │   │   │       └── bd_d7e7_one_0.v
    │   │   │           │   │   │   │   │   ├── ip_1
    │   │   │           │   │   │   │   │   │   ├── bd_d7e7_psr_aclk_0_board.xdc
    │   │   │           │   │   │   │   │   │   ├── bd_d7e7_psr_aclk_0.xci
    │   │   │           │   │   │   │   │   │   ├── bd_d7e7_psr_aclk_0.xdc
    │   │   │           │   │   │   │   │   │   ├── bd_d7e7_psr_aclk_0.xml
    │   │   │           │   │   │   │   │   │   ├── sim
    │   │   │           │   │   │   │   │   │   │   └── bd_d7e7_psr_aclk_0.vhd
    │   │   │           │   │   │   │   │   │   └── synth
    │   │   │           │   │   │   │   │   │       └── bd_d7e7_psr_aclk_0.vhd
    │   │   │           │   │   │   │   │   ├── ip_10
    │   │   │           │   │   │   │   │   │   ├── bd_d7e7_s00a2s_0_ooc.xdc
    │   │   │           │   │   │   │   │   │   ├── bd_d7e7_s00a2s_0.xci
    │   │   │           │   │   │   │   │   │   ├── bd_d7e7_s00a2s_0.xml
    │   │   │           │   │   │   │   │   │   ├── sim
    │   │   │           │   │   │   │   │   │   │   └── bd_d7e7_s00a2s_0.sv
    │   │   │           │   │   │   │   │   │   └── synth
    │   │   │           │   │   │   │   │   │       └── bd_d7e7_s00a2s_0.sv
    │   │   │           │   │   │   │   │   ├── ip_11
    │   │   │           │   │   │   │   │   │   ├── bd_d7e7_sarn_0_ooc.xdc
    │   │   │           │   │   │   │   │   │   ├── bd_d7e7_sarn_0.xci
    │   │   │           │   │   │   │   │   │   ├── bd_d7e7_sarn_0.xml
    │   │   │           │   │   │   │   │   │   ├── sim
    │   │   │           │   │   │   │   │   │   │   └── bd_d7e7_sarn_0.sv
    │   │   │           │   │   │   │   │   │   └── synth
    │   │   │           │   │   │   │   │   │       └── bd_d7e7_sarn_0.sv
    │   │   │           │   │   │   │   │   ├── ip_12
    │   │   │           │   │   │   │   │   │   ├── bd_d7e7_srn_0_ooc.xdc
    │   │   │           │   │   │   │   │   │   ├── bd_d7e7_srn_0.xci
    │   │   │           │   │   │   │   │   │   ├── bd_d7e7_srn_0.xml
    │   │   │           │   │   │   │   │   │   ├── sim
    │   │   │           │   │   │   │   │   │   │   └── bd_d7e7_srn_0.sv
    │   │   │           │   │   │   │   │   │   └── synth
    │   │   │           │   │   │   │   │   │       └── bd_d7e7_srn_0.sv
    │   │   │           │   │   │   │   │   ├── ip_13
    │   │   │           │   │   │   │   │   │   ├── bd_d7e7_sawn_0_ooc.xdc
    │   │   │           │   │   │   │   │   │   ├── bd_d7e7_sawn_0.xci
    │   │   │           │   │   │   │   │   │   ├── bd_d7e7_sawn_0.xml
    │   │   │           │   │   │   │   │   │   ├── sim
    │   │   │           │   │   │   │   │   │   │   └── bd_d7e7_sawn_0.sv
    │   │   │           │   │   │   │   │   │   └── synth
    │   │   │           │   │   │   │   │   │       └── bd_d7e7_sawn_0.sv
    │   │   │           │   │   │   │   │   ├── ip_14
    │   │   │           │   │   │   │   │   │   ├── bd_d7e7_swn_0_ooc.xdc
    │   │   │           │   │   │   │   │   │   ├── bd_d7e7_swn_0.xci
    │   │   │           │   │   │   │   │   │   ├── bd_d7e7_swn_0.xml
    │   │   │           │   │   │   │   │   │   ├── sim
    │   │   │           │   │   │   │   │   │   │   └── bd_d7e7_swn_0.sv
    │   │   │           │   │   │   │   │   │   └── synth
    │   │   │           │   │   │   │   │   │       └── bd_d7e7_swn_0.sv
    │   │   │           │   │   │   │   │   ├── ip_15
    │   │   │           │   │   │   │   │   │   ├── bd_d7e7_sbn_0_ooc.xdc
    │   │   │           │   │   │   │   │   │   ├── bd_d7e7_sbn_0.xci
    │   │   │           │   │   │   │   │   │   ├── bd_d7e7_sbn_0.xml
    │   │   │           │   │   │   │   │   │   ├── sim
    │   │   │           │   │   │   │   │   │   │   └── bd_d7e7_sbn_0.sv
    │   │   │           │   │   │   │   │   │   └── synth
    │   │   │           │   │   │   │   │   │       └── bd_d7e7_sbn_0.sv
    │   │   │           │   │   │   │   │   ├── ip_16
    │   │   │           │   │   │   │   │   │   ├── bd_d7e7_s01mmu_0.xci
    │   │   │           │   │   │   │   │   │   ├── bd_d7e7_s01mmu_0.xml
    │   │   │           │   │   │   │   │   │   ├── sim
    │   │   │           │   │   │   │   │   │   │   └── bd_d7e7_s01mmu_0.sv
    │   │   │           │   │   │   │   │   │   └── synth
    │   │   │           │   │   │   │   │   │       └── bd_d7e7_s01mmu_0.sv
    │   │   │           │   │   │   │   │   ├── ip_17
    │   │   │           │   │   │   │   │   │   ├── bd_d7e7_s01tr_0.xci
    │   │   │           │   │   │   │   │   │   ├── bd_d7e7_s01tr_0.xml
    │   │   │           │   │   │   │   │   │   ├── sim
    │   │   │           │   │   │   │   │   │   │   └── bd_d7e7_s01tr_0.sv
    │   │   │           │   │   │   │   │   │   └── synth
    │   │   │           │   │   │   │   │   │       └── bd_d7e7_s01tr_0.sv
    │   │   │           │   │   │   │   │   ├── ip_18
    │   │   │           │   │   │   │   │   │   ├── bd_d7e7_s01sic_0.xci
    │   │   │           │   │   │   │   │   │   ├── bd_d7e7_s01sic_0.xml
    │   │   │           │   │   │   │   │   │   ├── sim
    │   │   │           │   │   │   │   │   │   │   └── bd_d7e7_s01sic_0.sv
    │   │   │           │   │   │   │   │   │   └── synth
    │   │   │           │   │   │   │   │   │       └── bd_d7e7_s01sic_0.sv
    │   │   │           │   │   │   │   │   ├── ip_19
    │   │   │           │   │   │   │   │   │   ├── bd_d7e7_s01a2s_0_ooc.xdc
    │   │   │           │   │   │   │   │   │   ├── bd_d7e7_s01a2s_0.xci
    │   │   │           │   │   │   │   │   │   ├── bd_d7e7_s01a2s_0.xml
    │   │   │           │   │   │   │   │   │   ├── sim
    │   │   │           │   │   │   │   │   │   │   └── bd_d7e7_s01a2s_0.sv
    │   │   │           │   │   │   │   │   │   └── synth
    │   │   │           │   │   │   │   │   │       └── bd_d7e7_s01a2s_0.sv
    │   │   │           │   │   │   │   │   ├── ip_2
    │   │   │           │   │   │   │   │   │   ├── bd_d7e7_arsw_0_ooc.xdc
    │   │   │           │   │   │   │   │   │   ├── bd_d7e7_arsw_0.xci
    │   │   │           │   │   │   │   │   │   ├── bd_d7e7_arsw_0.xml
    │   │   │           │   │   │   │   │   │   ├── sim
    │   │   │           │   │   │   │   │   │   │   └── bd_d7e7_arsw_0.sv
    │   │   │           │   │   │   │   │   │   └── synth
    │   │   │           │   │   │   │   │   │       └── bd_d7e7_arsw_0.sv
    │   │   │           │   │   │   │   │   ├── ip_20
    │   │   │           │   │   │   │   │   │   ├── bd_d7e7_sarn_1_ooc.xdc
    │   │   │           │   │   │   │   │   │   ├── bd_d7e7_sarn_1.xci
    │   │   │           │   │   │   │   │   │   ├── bd_d7e7_sarn_1.xml
    │   │   │           │   │   │   │   │   │   ├── sim
    │   │   │           │   │   │   │   │   │   │   └── bd_d7e7_sarn_1.sv
    │   │   │           │   │   │   │   │   │   └── synth
    │   │   │           │   │   │   │   │   │       └── bd_d7e7_sarn_1.sv
    │   │   │           │   │   │   │   │   ├── ip_21
    │   │   │           │   │   │   │   │   │   ├── bd_d7e7_srn_1_ooc.xdc
    │   │   │           │   │   │   │   │   │   ├── bd_d7e7_srn_1.xci
    │   │   │           │   │   │   │   │   │   ├── bd_d7e7_srn_1.xml
    │   │   │           │   │   │   │   │   │   ├── sim
    │   │   │           │   │   │   │   │   │   │   └── bd_d7e7_srn_1.sv
    │   │   │           │   │   │   │   │   │   └── synth
    │   │   │           │   │   │   │   │   │       └── bd_d7e7_srn_1.sv
    │   │   │           │   │   │   │   │   ├── ip_22
    │   │   │           │   │   │   │   │   │   ├── bd_d7e7_s02mmu_0.xci
    │   │   │           │   │   │   │   │   │   ├── bd_d7e7_s02mmu_0.xml
    │   │   │           │   │   │   │   │   │   ├── sim
    │   │   │           │   │   │   │   │   │   │   └── bd_d7e7_s02mmu_0.sv
    │   │   │           │   │   │   │   │   │   └── synth
    │   │   │           │   │   │   │   │   │       └── bd_d7e7_s02mmu_0.sv
    │   │   │           │   │   │   │   │   ├── ip_23
    │   │   │           │   │   │   │   │   │   ├── bd_d7e7_s02tr_0.xci
    │   │   │           │   │   │   │   │   │   ├── bd_d7e7_s02tr_0.xml
    │   │   │           │   │   │   │   │   │   ├── sim
    │   │   │           │   │   │   │   │   │   │   └── bd_d7e7_s02tr_0.sv
    │   │   │           │   │   │   │   │   │   └── synth
    │   │   │           │   │   │   │   │   │       └── bd_d7e7_s02tr_0.sv
    │   │   │           │   │   │   │   │   ├── ip_24
    │   │   │           │   │   │   │   │   │   ├── bd_d7e7_s02sic_0.xci
    │   │   │           │   │   │   │   │   │   ├── bd_d7e7_s02sic_0.xml
    │   │   │           │   │   │   │   │   │   ├── sim
    │   │   │           │   │   │   │   │   │   │   └── bd_d7e7_s02sic_0.sv
    │   │   │           │   │   │   │   │   │   └── synth
    │   │   │           │   │   │   │   │   │       └── bd_d7e7_s02sic_0.sv
    │   │   │           │   │   │   │   │   ├── ip_25
    │   │   │           │   │   │   │   │   │   ├── bd_d7e7_s02a2s_0_ooc.xdc
    │   │   │           │   │   │   │   │   │   ├── bd_d7e7_s02a2s_0.xci
    │   │   │           │   │   │   │   │   │   ├── bd_d7e7_s02a2s_0.xml
    │   │   │           │   │   │   │   │   │   ├── sim
    │   │   │           │   │   │   │   │   │   │   └── bd_d7e7_s02a2s_0.sv
    │   │   │           │   │   │   │   │   │   └── synth
    │   │   │           │   │   │   │   │   │       └── bd_d7e7_s02a2s_0.sv
    │   │   │           │   │   │   │   │   ├── ip_26
    │   │   │           │   │   │   │   │   │   ├── bd_d7e7_sawn_1_ooc.xdc
    │   │   │           │   │   │   │   │   │   ├── bd_d7e7_sawn_1.xci
    │   │   │           │   │   │   │   │   │   ├── bd_d7e7_sawn_1.xml
    │   │   │           │   │   │   │   │   │   ├── sim
    │   │   │           │   │   │   │   │   │   │   └── bd_d7e7_sawn_1.sv
    │   │   │           │   │   │   │   │   │   └── synth
    │   │   │           │   │   │   │   │   │       └── bd_d7e7_sawn_1.sv
    │   │   │           │   │   │   │   │   ├── ip_27
    │   │   │           │   │   │   │   │   │   ├── bd_d7e7_swn_1_ooc.xdc
    │   │   │           │   │   │   │   │   │   ├── bd_d7e7_swn_1.xci
    │   │   │           │   │   │   │   │   │   ├── bd_d7e7_swn_1.xml
    │   │   │           │   │   │   │   │   │   ├── sim
    │   │   │           │   │   │   │   │   │   │   └── bd_d7e7_swn_1.sv
    │   │   │           │   │   │   │   │   │   └── synth
    │   │   │           │   │   │   │   │   │       └── bd_d7e7_swn_1.sv
    │   │   │           │   │   │   │   │   ├── ip_28
    │   │   │           │   │   │   │   │   │   ├── bd_d7e7_sbn_1_ooc.xdc
    │   │   │           │   │   │   │   │   │   ├── bd_d7e7_sbn_1.xci
    │   │   │           │   │   │   │   │   │   ├── bd_d7e7_sbn_1.xml
    │   │   │           │   │   │   │   │   │   ├── sim
    │   │   │           │   │   │   │   │   │   │   └── bd_d7e7_sbn_1.sv
    │   │   │           │   │   │   │   │   │   └── synth
    │   │   │           │   │   │   │   │   │       └── bd_d7e7_sbn_1.sv
    │   │   │           │   │   │   │   │   ├── ip_29
    │   │   │           │   │   │   │   │   │   ├── bd_d7e7_m00s2a_0_ooc.xdc
    │   │   │           │   │   │   │   │   │   ├── bd_d7e7_m00s2a_0.xci
    │   │   │           │   │   │   │   │   │   ├── bd_d7e7_m00s2a_0.xml
    │   │   │           │   │   │   │   │   │   ├── sim
    │   │   │           │   │   │   │   │   │   │   └── bd_d7e7_m00s2a_0.sv
    │   │   │           │   │   │   │   │   │   └── synth
    │   │   │           │   │   │   │   │   │       └── bd_d7e7_m00s2a_0.sv
    │   │   │           │   │   │   │   │   ├── ip_3
    │   │   │           │   │   │   │   │   │   ├── bd_d7e7_rsw_0_ooc.xdc
    │   │   │           │   │   │   │   │   │   ├── bd_d7e7_rsw_0.xci
    │   │   │           │   │   │   │   │   │   ├── bd_d7e7_rsw_0.xml
    │   │   │           │   │   │   │   │   │   ├── sim
    │   │   │           │   │   │   │   │   │   │   └── bd_d7e7_rsw_0.sv
    │   │   │           │   │   │   │   │   │   └── synth
    │   │   │           │   │   │   │   │   │       └── bd_d7e7_rsw_0.sv
    │   │   │           │   │   │   │   │   ├── ip_30
    │   │   │           │   │   │   │   │   │   ├── bd_d7e7_m00arn_0_ooc.xdc
    │   │   │           │   │   │   │   │   │   ├── bd_d7e7_m00arn_0.xci
    │   │   │           │   │   │   │   │   │   ├── bd_d7e7_m00arn_0.xml
    │   │   │           │   │   │   │   │   │   ├── sim
    │   │   │           │   │   │   │   │   │   │   └── bd_d7e7_m00arn_0.sv
    │   │   │           │   │   │   │   │   │   └── synth
    │   │   │           │   │   │   │   │   │       └── bd_d7e7_m00arn_0.sv
    │   │   │           │   │   │   │   │   ├── ip_31
    │   │   │           │   │   │   │   │   │   ├── bd_d7e7_m00rn_0_ooc.xdc
    │   │   │           │   │   │   │   │   │   ├── bd_d7e7_m00rn_0.xci
    │   │   │           │   │   │   │   │   │   ├── bd_d7e7_m00rn_0.xml
    │   │   │           │   │   │   │   │   │   ├── sim
    │   │   │           │   │   │   │   │   │   │   └── bd_d7e7_m00rn_0.sv
    │   │   │           │   │   │   │   │   │   └── synth
    │   │   │           │   │   │   │   │   │       └── bd_d7e7_m00rn_0.sv
    │   │   │           │   │   │   │   │   ├── ip_32
    │   │   │           │   │   │   │   │   │   ├── bd_d7e7_m00awn_0_ooc.xdc
    │   │   │           │   │   │   │   │   │   ├── bd_d7e7_m00awn_0.xci
    │   │   │           │   │   │   │   │   │   ├── bd_d7e7_m00awn_0.xml
    │   │   │           │   │   │   │   │   │   ├── sim
    │   │   │           │   │   │   │   │   │   │   └── bd_d7e7_m00awn_0.sv
    │   │   │           │   │   │   │   │   │   └── synth
    │   │   │           │   │   │   │   │   │       └── bd_d7e7_m00awn_0.sv
    │   │   │           │   │   │   │   │   ├── ip_33
    │   │   │           │   │   │   │   │   │   ├── bd_d7e7_m00wn_0_ooc.xdc
    │   │   │           │   │   │   │   │   │   ├── bd_d7e7_m00wn_0.xci
    │   │   │           │   │   │   │   │   │   ├── bd_d7e7_m00wn_0.xml
    │   │   │           │   │   │   │   │   │   ├── sim
    │   │   │           │   │   │   │   │   │   │   └── bd_d7e7_m00wn_0.sv
    │   │   │           │   │   │   │   │   │   └── synth
    │   │   │           │   │   │   │   │   │       └── bd_d7e7_m00wn_0.sv
    │   │   │           │   │   │   │   │   ├── ip_34
    │   │   │           │   │   │   │   │   │   ├── bd_d7e7_m00bn_0_ooc.xdc
    │   │   │           │   │   │   │   │   │   ├── bd_d7e7_m00bn_0.xci
    │   │   │           │   │   │   │   │   │   ├── bd_d7e7_m00bn_0.xml
    │   │   │           │   │   │   │   │   │   ├── sim
    │   │   │           │   │   │   │   │   │   │   └── bd_d7e7_m00bn_0.sv
    │   │   │           │   │   │   │   │   │   └── synth
    │   │   │           │   │   │   │   │   │       └── bd_d7e7_m00bn_0.sv
    │   │   │           │   │   │   │   │   ├── ip_35
    │   │   │           │   │   │   │   │   │   ├── bd_d7e7_m00e_0.xci
    │   │   │           │   │   │   │   │   │   ├── bd_d7e7_m00e_0.xml
    │   │   │           │   │   │   │   │   │   ├── sim
    │   │   │           │   │   │   │   │   │   │   └── bd_d7e7_m00e_0.sv
    │   │   │           │   │   │   │   │   │   └── synth
    │   │   │           │   │   │   │   │   │       └── bd_d7e7_m00e_0.sv
    │   │   │           │   │   │   │   │   ├── ip_4
    │   │   │           │   │   │   │   │   │   ├── bd_d7e7_awsw_0_ooc.xdc
    │   │   │           │   │   │   │   │   │   ├── bd_d7e7_awsw_0.xci
    │   │   │           │   │   │   │   │   │   ├── bd_d7e7_awsw_0.xml
    │   │   │           │   │   │   │   │   │   ├── sim
    │   │   │           │   │   │   │   │   │   │   └── bd_d7e7_awsw_0.sv
    │   │   │           │   │   │   │   │   │   └── synth
    │   │   │           │   │   │   │   │   │       └── bd_d7e7_awsw_0.sv
    │   │   │           │   │   │   │   │   ├── ip_5
    │   │   │           │   │   │   │   │   │   ├── bd_d7e7_wsw_0_ooc.xdc
    │   │   │           │   │   │   │   │   │   ├── bd_d7e7_wsw_0.xci
    │   │   │           │   │   │   │   │   │   ├── bd_d7e7_wsw_0.xml
    │   │   │           │   │   │   │   │   │   ├── sim
    │   │   │           │   │   │   │   │   │   │   └── bd_d7e7_wsw_0.sv
    │   │   │           │   │   │   │   │   │   └── synth
    │   │   │           │   │   │   │   │   │       └── bd_d7e7_wsw_0.sv
    │   │   │           │   │   │   │   │   ├── ip_6
    │   │   │           │   │   │   │   │   │   ├── bd_d7e7_bsw_0_ooc.xdc
    │   │   │           │   │   │   │   │   │   ├── bd_d7e7_bsw_0.xci
    │   │   │           │   │   │   │   │   │   ├── bd_d7e7_bsw_0.xml
    │   │   │           │   │   │   │   │   │   ├── sim
    │   │   │           │   │   │   │   │   │   │   └── bd_d7e7_bsw_0.sv
    │   │   │           │   │   │   │   │   │   └── synth
    │   │   │           │   │   │   │   │   │       └── bd_d7e7_bsw_0.sv
    │   │   │           │   │   │   │   │   ├── ip_7
    │   │   │           │   │   │   │   │   │   ├── bd_d7e7_s00mmu_0.xci
    │   │   │           │   │   │   │   │   │   ├── bd_d7e7_s00mmu_0.xml
    │   │   │           │   │   │   │   │   │   ├── sim
    │   │   │           │   │   │   │   │   │   │   └── bd_d7e7_s00mmu_0.sv
    │   │   │           │   │   │   │   │   │   └── synth
    │   │   │           │   │   │   │   │   │       └── bd_d7e7_s00mmu_0.sv
    │   │   │           │   │   │   │   │   ├── ip_8
    │   │   │           │   │   │   │   │   │   ├── bd_d7e7_s00tr_0.xci
    │   │   │           │   │   │   │   │   │   ├── bd_d7e7_s00tr_0.xml
    │   │   │           │   │   │   │   │   │   ├── sim
    │   │   │           │   │   │   │   │   │   │   └── bd_d7e7_s00tr_0.sv
    │   │   │           │   │   │   │   │   │   └── synth
    │   │   │           │   │   │   │   │   │       └── bd_d7e7_s00tr_0.sv
    │   │   │           │   │   │   │   │   └── ip_9
    │   │   │           │   │   │   │   │       ├── bd_d7e7_s00sic_0.xci
    │   │   │           │   │   │   │   │       ├── bd_d7e7_s00sic_0.xml
    │   │   │           │   │   │   │   │       ├── sim
    │   │   │           │   │   │   │   │       │   └── bd_d7e7_s00sic_0.sv
    │   │   │           │   │   │   │   │       └── synth
    │   │   │           │   │   │   │   │           └── bd_d7e7_s00sic_0.sv
    │   │   │           │   │   │   │   ├── sim
    │   │   │           │   │   │   │   │   ├── bd_d7e7.protoinst
    │   │   │           │   │   │   │   │   └── bd_d7e7.v
    │   │   │           │   │   │   │   └── synth
    │   │   │           │   │   │   │       ├── bd_d7e7.v
    │   │   │           │   │   │   │       └── floorplan_static_axi_smc_0.hwdef
    │   │   │           │   │   │   ├── floorplan_static_axi_smc_0.xml
    │   │   │           │   │   │   ├── ooc.xdc
    │   │   │           │   │   │   ├── sc_post_elab.rld
    │   │   │           │   │   │   ├── sc_xtlm_floorplan_static_axi_smc_0.mem
    │   │   │           │   │   │   ├── sim
    │   │   │           │   │   │   │   ├── floorplan_static_axi_smc_0.cpp
    │   │   │           │   │   │   │   ├── floorplan_static_axi_smc_0.h
    │   │   │           │   │   │   │   ├── floorplan_static_axi_smc_0_sc.cpp
    │   │   │           │   │   │   │   ├── floorplan_static_axi_smc_0_sc.h
    │   │   │           │   │   │   │   ├── floorplan_static_axi_smc_0_stub.sv
    │   │   │           │   │   │   │   └── floorplan_static_axi_smc_0.v
    │   │   │           │   │   │   ├── synth
    │   │   │           │   │   │   │   └── floorplan_static_axi_smc_0.v
    │   │   │           │   │   │   └── xtlm
    │   │   │           │   │   │       ├── smartconnect.cxx
    │   │   │           │   │   │       ├── smartconnect.h
    │   │   │           │   │   │       ├── smartconnect_xtlm.cxx
    │   │   │           │   │   │       ├── smartconnect_xtlm.h
    │   │   │           │   │   │       ├── smartconnect_xtlm_impl.cpp
    │   │   │           │   │   │       └── smartconnect_xtlm_impl.h
    │   │   │           │   │   ├── floorplan_static_bft_0_0
    │   │   │           │   │   │   ├── floorplan_static_bft_0_0.xml
    │   │   │           │   │   │   ├── sim
    │   │   │           │   │   │   │   └── floorplan_static_bft_0_0.v
    │   │   │           │   │   │   └── synth
    │   │   │           │   │   │       └── floorplan_static_bft_0_0.v
    │   │   │           │   │   ├── floorplan_static_dma_converter_0_0
    │   │   │           │   │   │   ├── floorplan_static_dma_converter_0_0.xml
    │   │   │           │   │   │   ├── sim
    │   │   │           │   │   │   │   └── floorplan_static_dma_converter_0_0.v
    │   │   │           │   │   │   └── synth
    │   │   │           │   │   │       └── floorplan_static_dma_converter_0_0.v
    │   │   │           │   │   ├── floorplan_static_InterfaceWrapper1_0_0
    │   │   │           │   │   │   ├── floorplan_static_InterfaceWrapper1_0_0.xml
    │   │   │           │   │   │   ├── sim
    │   │   │           │   │   │   │   └── floorplan_static_InterfaceWrapper1_0_0.v
    │   │   │           │   │   │   └── synth
    │   │   │           │   │   │       └── floorplan_static_InterfaceWrapper1_0_0.v
    │   │   │           │   │   ├── floorplan_static_InterfaceWrapper7_0_0
    │   │   │           │   │   │   ├── floorplan_static_InterfaceWrapper7_0_0.xml
    │   │   │           │   │   │   ├── sim
    │   │   │           │   │   │   │   └── floorplan_static_InterfaceWrapper7_0_0.v
    │   │   │           │   │   │   └── synth
    │   │   │           │   │   │       └── floorplan_static_InterfaceWrapper7_0_0.v
    │   │   │           │   │   ├── floorplan_static_leaf_empty_3_0
    │   │   │           │   │   │   ├── floorplan_static_leaf_empty_3_0.xml
    │   │   │           │   │   │   ├── sim
    │   │   │           │   │   │   │   └── floorplan_static_leaf_empty_3_0.v
    │   │   │           │   │   │   └── synth
    │   │   │           │   │   │       └── floorplan_static_leaf_empty_3_0.v
    │   │   │           │   │   ├── floorplan_static_leaf_empty_4_0
    │   │   │           │   │   │   ├── floorplan_static_leaf_empty_4_0.xml
    │   │   │           │   │   │   ├── sim
    │   │   │           │   │   │   │   └── floorplan_static_leaf_empty_4_0.v
    │   │   │           │   │   │   └── synth
    │   │   │           │   │   │       └── floorplan_static_leaf_empty_4_0.v
    │   │   │           │   │   ├── floorplan_static_leaf_empty_5_0
    │   │   │           │   │   │   ├── floorplan_static_leaf_empty_5_0.xml
    │   │   │           │   │   │   ├── sim
    │   │   │           │   │   │   │   └── floorplan_static_leaf_empty_5_0.v
    │   │   │           │   │   │   └── synth
    │   │   │           │   │   │       └── floorplan_static_leaf_empty_5_0.v
    │   │   │           │   │   ├── floorplan_static_leaf_empty_6_0
    │   │   │           │   │   │   ├── floorplan_static_leaf_empty_6_0.xml
    │   │   │           │   │   │   ├── sim
    │   │   │           │   │   │   │   └── floorplan_static_leaf_empty_6_0.v
    │   │   │           │   │   │   └── synth
    │   │   │           │   │   │       └── floorplan_static_leaf_empty_6_0.v
    │   │   │           │   │   ├── floorplan_static_leaf_empty_7_0
    │   │   │           │   │   │   ├── floorplan_static_leaf_empty_7_0.xml
    │   │   │           │   │   │   ├── sim
    │   │   │           │   │   │   │   └── floorplan_static_leaf_empty_7_0.v
    │   │   │           │   │   │   └── synth
    │   │   │           │   │   │       └── floorplan_static_leaf_empty_7_0.v
    │   │   │           │   │   ├── floorplan_static_leaf_empty_8_0
    │   │   │           │   │   │   ├── floorplan_static_leaf_empty_8_0.xml
    │   │   │           │   │   │   ├── sim
    │   │   │           │   │   │   │   └── floorplan_static_leaf_empty_8_0.v
    │   │   │           │   │   │   └── synth
    │   │   │           │   │   │       └── floorplan_static_leaf_empty_8_0.v
    │   │   │           │   │   ├── floorplan_static_ps8_0_axi_periph_0
    │   │   │           │   │   │   └── floorplan_static_ps8_0_axi_periph_0.xml
    │   │   │           │   │   ├── floorplan_static_reset_bft_0
    │   │   │           │   │   │   ├── floorplan_static_reset_bft_0_board.xdc
    │   │   │           │   │   │   ├── floorplan_static_reset_bft_0_ooc.xdc
    │   │   │           │   │   │   ├── floorplan_static_reset_bft_0.xdc
    │   │   │           │   │   │   ├── floorplan_static_reset_bft_0.xml
    │   │   │           │   │   │   ├── sim
    │   │   │           │   │   │   │   └── floorplan_static_reset_bft_0.vhd
    │   │   │           │   │   │   └── synth
    │   │   │           │   │   │       └── floorplan_static_reset_bft_0.vhd
    │   │   │           │   │   ├── floorplan_static_reset_user_0
    │   │   │           │   │   │   ├── floorplan_static_reset_user_0_board.xdc
    │   │   │           │   │   │   ├── floorplan_static_reset_user_0_ooc.xdc
    │   │   │           │   │   │   ├── floorplan_static_reset_user_0.xdc
    │   │   │           │   │   │   ├── floorplan_static_reset_user_0.xml
    │   │   │           │   │   │   ├── sim
    │   │   │           │   │   │   │   └── floorplan_static_reset_user_0.vhd
    │   │   │           │   │   │   └── synth
    │   │   │           │   │   │       └── floorplan_static_reset_user_0.vhd
    │   │   │           │   │   ├── floorplan_static_xbar_0
    │   │   │           │   │   │   ├── floorplan_static_xbar_0_ooc.xdc
    │   │   │           │   │   │   ├── floorplan_static_xbar_0.xml
    │   │   │           │   │   │   ├── sim
    │   │   │           │   │   │   │   ├── floorplan_static_xbar_0.cpp
    │   │   │           │   │   │   │   ├── floorplan_static_xbar_0.h
    │   │   │           │   │   │   │   ├── floorplan_static_xbar_0_sc.cpp
    │   │   │           │   │   │   │   ├── floorplan_static_xbar_0_sc.h
    │   │   │           │   │   │   │   ├── floorplan_static_xbar_0_stub.sv
    │   │   │           │   │   │   │   └── floorplan_static_xbar_0.v
    │   │   │           │   │   │   ├── src
    │   │   │           │   │   │   │   ├── axi_crossbar.cpp
    │   │   │           │   │   │   │   └── axi_crossbar.h
    │   │   │           │   │   │   └── synth
    │   │   │           │   │   │       └── floorplan_static_xbar_0.v
    │   │   │           │   │   ├── floorplan_static_xlconstant_0_0
    │   │   │           │   │   │   ├── floorplan_static_xlconstant_0_0.xml
    │   │   │           │   │   │   ├── sim
    │   │   │           │   │   │   │   ├── floorplan_static_xlconstant_0_0.cpp
    │   │   │           │   │   │   │   ├── floorplan_static_xlconstant_0_0.h
    │   │   │           │   │   │   │   ├── floorplan_static_xlconstant_0_0_stub.sv
    │   │   │           │   │   │   │   ├── floorplan_static_xlconstant_0_0.v
    │   │   │           │   │   │   │   └── xlconstant_v1_1_7.h
    │   │   │           │   │   │   └── synth
    │   │   │           │   │   │       └── floorplan_static_xlconstant_0_0.v
    │   │   │           │   │   └── floorplan_static_zynq_ultra_ps_e_0_0
    │   │   │           │   │       ├── floorplan_static_zynq_ultra_ps_e_0_0_ooc.xdc
    │   │   │           │   │       ├── floorplan_static_zynq_ultra_ps_e_0_0.xdc
    │   │   │           │   │       ├── floorplan_static_zynq_ultra_ps_e_0_0.xml
    │   │   │           │   │       ├── hdl
    │   │   │           │   │       │   ├── floorplan_static_zynq_ultra_ps_e_0_0.hwdef
    │   │   │           │   │       │   └── zynq_ultra_ps_e_v3_3_3.v
    │   │   │           │   │       ├── psu_init.c
    │   │   │           │   │       ├── psu_init_gpl.c
    │   │   │           │   │       ├── psu_init_gpl.h
    │   │   │           │   │       ├── psu_init.h
    │   │   │           │   │       ├── psu_init.html
    │   │   │           │   │       ├── psu_init.tcl
    │   │   │           │   │       ├── sim
    │   │   │           │   │       │   ├── floorplan_static_zynq_ultra_ps_e_0_0.cpp
    │   │   │           │   │       │   ├── floorplan_static_zynq_ultra_ps_e_0_0.h
    │   │   │           │   │       │   ├── floorplan_static_zynq_ultra_ps_e_0_0_sc.cpp
    │   │   │           │   │       │   ├── floorplan_static_zynq_ultra_ps_e_0_0_sc.h
    │   │   │           │   │       │   ├── floorplan_static_zynq_ultra_ps_e_0_0_stub.sv
    │   │   │           │   │       │   └── floorplan_static_zynq_ultra_ps_e_0_0_vip_wrapper.v
    │   │   │           │   │       ├── sim_tlm
    │   │   │           │   │       │   ├── b_transport_converter.h
    │   │   │           │   │       │   ├── xilinx_zynqmp.cpp
    │   │   │           │   │       │   ├── xilinx_zynqmp.h
    │   │   │           │   │       │   ├── zynq_ultra_ps_e_tlm.cpp
    │   │   │           │   │       │   └── zynq_ultra_ps_e_tlm.h
    │   │   │           │   │       └── synth
    │   │   │           │   │           └── floorplan_static_zynq_ultra_ps_e_0_0.v
    │   │   │           │   ├── ipshared
    │   │   │           │   │   ├── 0513
    │   │   │           │   │   │   └── hdl
    │   │   │           │   │   │       └── lib_pkg_v1_0_rfs.vhd
    │   │   │           │   │   ├── 1304
    │   │   │           │   │   │   └── hdl
    │   │   │           │   │   │       └── axi_clock_converter_v2_1_vl_rfs.v
    │   │   │           │   │   ├── 2394
    │   │   │           │   │   │   └── hdl
    │   │   │           │   │   │       ├── axi_dwidth_converter_v2_1_vl_rfs.v
    │   │   │           │   │   │       └── axi_dwidth_converter_v2_1_vlsyn_rfs.v
    │   │   │           │   │   ├── 25b7
    │   │   │           │   │   │   └── hdl
    │   │   │           │   │   │       ├── sc_util_v1_0_vl_rfs.sv
    │   │   │           │   │   │       └── verilog
    │   │   │           │   │   │           ├── sc_util_v1_0_4_constants_noc.vh
    │   │   │           │   │   │           ├── sc_util_v1_0_4_constants.vh
    │   │   │           │   │   │           └── sc_util_v1_0_4_structs.svh
    │   │   │           │   │   ├── 276e
    │   │   │           │   │   │   ├── hdl
    │   │   │           │   │   │   │   ├── fifo_generator_v13_2_rfs.v
    │   │   │           │   │   │   │   ├── fifo_generator_v13_2_rfs.vhd
    │   │   │           │   │   │   │   └── fifo_generator_v13_2_vhsyn_rfs.vhd
    │   │   │           │   │   │   └── simulation
    │   │   │           │   │   │       └── fifo_generator_vlog_beh.v
    │   │   │           │   │   ├── 2985
    │   │   │           │   │   │   ├── hdl
    │   │   │           │   │   │   │   └── blk_mem_gen_v8_4_vhsyn_rfs.vhd
    │   │   │           │   │   │   └── simulation
    │   │   │           │   │   │       └── blk_mem_gen_v8_4.v
    │   │   │           │   │   ├── 4919
    │   │   │           │   │   │   └── hdl
    │   │   │           │   │   │       └── axi_sg_v4_1_rfs.vhd
    │   │   │           │   │   ├── 4ab6
    │   │   │           │   │   │   └── hdl
    │   │   │           │   │   │       └── axi_datamover_v5_1_vh_rfs.vhd
    │   │   │           │   │   ├── 4fd2
    │   │   │           │   │   │   └── hdl
    │   │   │           │   │   │       └── sc_transaction_regulator_v1_0_vl_rfs.sv
    │   │   │           │   │   ├── 51ce
    │   │   │           │   │   │   └── hdl
    │   │   │           │   │   │       └── lib_srl_fifo_v1_0_rfs.vhd
    │   │   │           │   │   ├── 54c0
    │   │   │           │   │   │   └── hdl
    │   │   │           │   │   │       └── axi_data_fifo_v2_1_vl_rfs.v
    │   │   │           │   │   ├── 5cee
    │   │   │           │   │   │   └── hdl
    │   │   │           │   │   │       └── axi_protocol_converter_v2_1_vl_rfs.v
    │   │   │           │   │   ├── 7005
    │   │   │           │   │   │   └── hdl
    │   │   │           │   │   │       └── sc_sc2axi_v1_0_vl_rfs.sv
    │   │   │           │   │   ├── 7bd7
    │   │   │           │   │   │   └── hdl
    │   │   │           │   │   │       └── sc_exit_v1_0_vl_rfs.sv
    │   │   │           │   │   ├── 8047
    │   │   │           │   │   │   └── hdl
    │   │   │           │   │   │       └── sc_si_converter_v1_0_vl_rfs.sv
    │   │   │           │   │   ├── 8842
    │   │   │           │   │   │   └── hdl
    │   │   │           │   │   │       └── proc_sys_reset_v5_0_vh_rfs.vhd
    │   │   │           │   │   ├── 896c
    │   │   │           │   │   │   └── hdl
    │   │   │           │   │   │       ├── sc_node_v1_0_vl_rfs.sv
    │   │   │           │   │   │       └── verilog
    │   │   │           │   │   │           └── sc_node_v1_0_12_t_reqsend.svh
    │   │   │           │   │   ├── 89d8
    │   │   │           │   │   │   └── hdl
    │   │   │           │   │   │       └── axi_dma_v7_1_vh_rfs.vhd
    │   │   │           │   │   ├── 94c3
    │   │   │           │   │   │   └── hdl
    │   │   │           │   │   │       └── axi_vip_v1_1_vl_rfs.sv
    │   │   │           │   │   ├── a5cb
    │   │   │           │   │   │   └── hdl
    │   │   │           │   │   │       └── lib_fifo_v1_0_rfs.vhd
    │   │   │           │   │   ├── af2c
    │   │   │           │   │   │   └── hdl
    │   │   │           │   │   │       └── axi_register_slice_v2_1_vl_rfs.v
    │   │   │           │   │   ├── b752
    │   │   │           │   │   │   └── hdl
    │   │   │           │   │   │       └── generic_baseblocks_v2_1_vl_rfs.v
    │   │   │           │   │   ├── b89e
    │   │   │           │   │   │   └── hdl
    │   │   │           │   │   │       └── sc_axi2sc_v1_0_vl_rfs.sv
    │   │   │           │   │   ├── bc0a
    │   │   │           │   │   │   └── hdl
    │   │   │           │   │   │       └── axi_crossbar_v2_1_vl_rfs.v
    │   │   │           │   │   ├── c012
    │   │   │           │   │   │   └── hdl
    │   │   │           │   │   │       └── sc_switchboard_v1_0_vl_rfs.sv
    │   │   │           │   │   ├── da1e
    │   │   │           │   │   │   └── hdl
    │   │   │           │   │   │       ├── zynq_ultra_ps_e_vip_v1_0_8_apis.sv
    │   │   │           │   │   │       ├── zynq_ultra_ps_e_vip_v1_0_8_axi_ace.sv
    │   │   │           │   │   │       ├── zynq_ultra_ps_e_vip_v1_0_8_axi_acp.sv
    │   │   │           │   │   │       ├── zynq_ultra_ps_e_vip_v1_0_8_axi_gp.sv
    │   │   │           │   │   │       ├── zynq_ultra_ps_e_vip_v1_0_8_local_params.sv
    │   │   │           │   │   │       ├── zynq_ultra_ps_e_vip_v1_0_8_reg_init.sv
    │   │   │           │   │   │       ├── zynq_ultra_ps_e_vip_v1_0_8_reg_params.sv
    │   │   │           │   │   │       ├── zynq_ultra_ps_e_vip_v1_0_8_unused_ports.sv
    │   │   │           │   │   │       └── zynq_ultra_ps_e_vip_v1_0_vl_rfs.sv
    │   │   │           │   │   ├── ea34
    │   │   │           │   │   │   └── hdl
    │   │   │           │   │   │       └── sc_mmu_v1_0_vl_rfs.sv
    │   │   │           │   │   ├── ec67
    │   │   │           │   │   │   └── hdl
    │   │   │           │   │   │       ├── axi_infrastructure_v1_1_0.vh
    │   │   │           │   │   │       └── axi_infrastructure_v1_1_vl_rfs.v
    │   │   │           │   │   ├── ef1e
    │   │   │           │   │   │   └── hdl
    │   │   │           │   │   │       └── lib_cdc_v1_0_rfs.vhd
    │   │   │           │   │   └── fcfc
    │   │   │           │   │       └── hdl
    │   │   │           │   │           └── xlconstant_v1_1_vl_rfs.v
    │   │   │           │   ├── sim
    │   │   │           │   │   ├── floorplan_static.protoinst
    │   │   │           │   │   └── floorplan_static.v
    │   │   │           │   └── synth
    │   │   │           │       ├── floorplan_static.hwdef
    │   │   │           │       └── floorplan_static.v
    │   │   │           └── mref
    │   │   │               ├── axi2stream_v1_0
    │   │   │               │   ├── component.xml
    │   │   │               │   └── xgui
    │   │   │               │       └── axi2stream_v1_0_v1_0.tcl
    │   │   │               ├── AxiLite2Bft_v2_0
    │   │   │               │   ├── component.xml
    │   │   │               │   └── xgui
    │   │   │               │       └── AxiLite2Bft_v2_0_v1_0.tcl
    │   │   │               ├── bft
    │   │   │               │   ├── component.xml
    │   │   │               │   └── xgui
    │   │   │               │       └── bft_v1_0.tcl
    │   │   │               ├── dma_converter
    │   │   │               │   ├── component.xml
    │   │   │               │   └── xgui
    │   │   │               │       └── dma_converter_v1_0.tcl
    │   │   │               ├── InterfaceWrapper1
    │   │   │               │   ├── component.xml
    │   │   │               │   └── xgui
    │   │   │               │       └── InterfaceWrapper1_v1_0.tcl
    │   │   │               ├── InterfaceWrapper7
    │   │   │               │   ├── component.xml
    │   │   │               │   └── xgui
    │   │   │               │       └── InterfaceWrapper7_v1_0.tcl
    │   │   │               └── leaf_empty
    │   │   │                   ├── component.xml
    │   │   │                   └── xgui
    │   │   │                       └── leaf_empty_v1_0.tcl
    │   │   ├── floorplan_static.hw
    │   │   │   └── floorplan_static.lpr
    │   │   ├── floorplan_static.ip_user_files
    │   │   ├── floorplan_static.runs
    │   │   │   ├── floorplan_static_auto_ds_0_synth_1
    │   │   │   │   ├── dont_touch.xdc
    │   │   │   │   ├── floorplan_static_auto_ds_0.tcl
    │   │   │   │   ├── gen_run.xml
    │   │   │   │   ├── htr.txt
    │   │   │   │   ├── ISEWrap.js
    │   │   │   │   ├── ISEWrap.sh
    │   │   │   │   ├── rundef.js
    │   │   │   │   ├── runme.bat
    │   │   │   │   └── runme.sh
    │   │   │   ├── floorplan_static_auto_ds_1_synth_1
    │   │   │   │   ├── dont_touch.xdc
    │   │   │   │   ├── floorplan_static_auto_ds_1.tcl
    │   │   │   │   ├── floorplan_static_auto_ds_1.vds
    │   │   │   │   ├── gen_run.xml
    │   │   │   │   ├── htr.txt
    │   │   │   │   ├── ISEWrap.js
    │   │   │   │   ├── ISEWrap.sh
    │   │   │   │   ├── rundef.js
    │   │   │   │   ├── runme.bat
    │   │   │   │   ├── runme.log
    │   │   │   │   ├── runme.sh
    │   │   │   │   ├── __synthesis_is_running__
    │   │   │   │   ├── vivado.jou
    │   │   │   │   └── vivado.pb
    │   │   │   ├── floorplan_static_auto_pc_0_synth_1
    │   │   │   │   ├── dont_touch.xdc
    │   │   │   │   ├── floorplan_static_auto_pc_0.tcl
    │   │   │   │   ├── floorplan_static_auto_pc_0.vds
    │   │   │   │   ├── gen_run.xml
    │   │   │   │   ├── htr.txt
    │   │   │   │   ├── ISEWrap.js
    │   │   │   │   ├── ISEWrap.sh
    │   │   │   │   ├── rundef.js
    │   │   │   │   ├── runme.bat
    │   │   │   │   ├── runme.log
    │   │   │   │   ├── runme.sh
    │   │   │   │   ├── __synthesis_is_running__
    │   │   │   │   ├── vivado.jou
    │   │   │   │   └── vivado.pb
    │   │   │   ├── floorplan_static_auto_pc_1_synth_1
    │   │   │   │   ├── dont_touch.xdc
    │   │   │   │   ├── floorplan_static_auto_pc_1.tcl
    │   │   │   │   ├── gen_run.xml
    │   │   │   │   ├── htr.txt
    │   │   │   │   ├── ISEWrap.js
    │   │   │   │   ├── ISEWrap.sh
    │   │   │   │   ├── rundef.js
    │   │   │   │   ├── runme.bat
    │   │   │   │   └── runme.sh
    │   │   │   ├── floorplan_static_axi2stream_v1_0_0_0_synth_1
    │   │   │   │   ├── floorplan_static_axi2stream_v1_0_0_0.tcl
    │   │   │   │   ├── gen_run.xml
    │   │   │   │   ├── htr.txt
    │   │   │   │   ├── ISEWrap.js
    │   │   │   │   ├── ISEWrap.sh
    │   │   │   │   ├── rundef.js
    │   │   │   │   ├── runme.bat
    │   │   │   │   └── runme.sh
    │   │   │   ├── floorplan_static_axi_dma_0_0_synth_1
    │   │   │   │   ├── dont_touch.xdc
    │   │   │   │   ├── floorplan_static_axi_dma_0_0.tcl
    │   │   │   │   ├── gen_run.xml
    │   │   │   │   ├── htr.txt
    │   │   │   │   ├── ISEWrap.js
    │   │   │   │   ├── ISEWrap.sh
    │   │   │   │   ├── rundef.js
    │   │   │   │   ├── runme.bat
    │   │   │   │   └── runme.sh
    │   │   │   ├── floorplan_static_AxiLite2Bft_v2_0_0_0_synth_1
    │   │   │   │   ├── floorplan_static_AxiLite2Bft_v2_0_0_0.tcl
    │   │   │   │   ├── gen_run.xml
    │   │   │   │   ├── htr.txt
    │   │   │   │   ├── ISEWrap.js
    │   │   │   │   ├── ISEWrap.sh
    │   │   │   │   ├── rundef.js
    │   │   │   │   ├── runme.bat
    │   │   │   │   └── runme.sh
    │   │   │   ├── floorplan_static_axi_smc_0_synth_1
    │   │   │   │   ├── dont_touch.xdc
    │   │   │   │   ├── floorplan_static_axi_smc_0.tcl
    │   │   │   │   ├── gen_run.xml
    │   │   │   │   ├── htr.txt
    │   │   │   │   ├── ISEWrap.js
    │   │   │   │   ├── ISEWrap.sh
    │   │   │   │   ├── rundef.js
    │   │   │   │   ├── runme.bat
    │   │   │   │   └── runme.sh
    │   │   │   ├── floorplan_static_bft_0_0_synth_1
    │   │   │   │   ├── floorplan_static_bft_0_0.tcl
    │   │   │   │   ├── gen_run.xml
    │   │   │   │   ├── htr.txt
    │   │   │   │   ├── ISEWrap.js
    │   │   │   │   ├── ISEWrap.sh
    │   │   │   │   ├── rundef.js
    │   │   │   │   ├── runme.bat
    │   │   │   │   └── runme.sh
    │   │   │   ├── floorplan_static_dma_converter_0_0_synth_1
    │   │   │   │   ├── floorplan_static_dma_converter_0_0.tcl
    │   │   │   │   ├── gen_run.xml
    │   │   │   │   ├── htr.txt
    │   │   │   │   ├── ISEWrap.js
    │   │   │   │   ├── ISEWrap.sh
    │   │   │   │   ├── rundef.js
    │   │   │   │   ├── runme.bat
    │   │   │   │   └── runme.sh
    │   │   │   ├── floorplan_static_InterfaceWrapper1_0_0_synth_1
    │   │   │   │   ├── floorplan_static_InterfaceWrapper1_0_0.tcl
    │   │   │   │   ├── gen_run.xml
    │   │   │   │   ├── htr.txt
    │   │   │   │   ├── ISEWrap.js
    │   │   │   │   ├── ISEWrap.sh
    │   │   │   │   ├── rundef.js
    │   │   │   │   ├── runme.bat
    │   │   │   │   └── runme.sh
    │   │   │   ├── floorplan_static_InterfaceWrapper7_0_0_synth_1
    │   │   │   │   ├── floorplan_static_InterfaceWrapper7_0_0.tcl
    │   │   │   │   ├── gen_run.xml
    │   │   │   │   ├── htr.txt
    │   │   │   │   ├── ISEWrap.js
    │   │   │   │   ├── ISEWrap.sh
    │   │   │   │   ├── rundef.js
    │   │   │   │   ├── runme.bat
    │   │   │   │   └── runme.sh
    │   │   │   ├── floorplan_static_leaf_empty_3_0_synth_1
    │   │   │   │   ├── floorplan_static_leaf_empty_3_0.tcl
    │   │   │   │   ├── floorplan_static_leaf_empty_3_0.vds
    │   │   │   │   ├── gen_run.xml
    │   │   │   │   ├── htr.txt
    │   │   │   │   ├── ISEWrap.js
    │   │   │   │   ├── ISEWrap.sh
    │   │   │   │   ├── rundef.js
    │   │   │   │   ├── runme.bat
    │   │   │   │   ├── runme.log
    │   │   │   │   ├── runme.sh
    │   │   │   │   ├── __synthesis_is_running__
    │   │   │   │   ├── vivado.jou
    │   │   │   │   └── vivado.pb
    │   │   │   ├── floorplan_static_leaf_empty_4_0_synth_1
    │   │   │   │   ├── floorplan_static_leaf_empty_4_0.tcl
    │   │   │   │   ├── floorplan_static_leaf_empty_4_0.vds
    │   │   │   │   ├── gen_run.xml
    │   │   │   │   ├── htr.txt
    │   │   │   │   ├── ISEWrap.js
    │   │   │   │   ├── ISEWrap.sh
    │   │   │   │   ├── rundef.js
    │   │   │   │   ├── runme.bat
    │   │   │   │   ├── runme.log
    │   │   │   │   ├── runme.sh
    │   │   │   │   ├── __synthesis_is_running__
    │   │   │   │   ├── vivado.jou
    │   │   │   │   └── vivado.pb
    │   │   │   ├── floorplan_static_leaf_empty_5_0_synth_1
    │   │   │   │   ├── floorplan_static_leaf_empty_5_0.tcl
    │   │   │   │   ├── floorplan_static_leaf_empty_5_0.vds
    │   │   │   │   ├── gen_run.xml
    │   │   │   │   ├── htr.txt
    │   │   │   │   ├── ISEWrap.js
    │   │   │   │   ├── ISEWrap.sh
    │   │   │   │   ├── rundef.js
    │   │   │   │   ├── runme.bat
    │   │   │   │   ├── runme.log
    │   │   │   │   ├── runme.sh
    │   │   │   │   ├── __synthesis_is_running__
    │   │   │   │   ├── vivado.jou
    │   │   │   │   └── vivado.pb
    │   │   │   ├── floorplan_static_leaf_empty_6_0_synth_1
    │   │   │   │   ├── floorplan_static_leaf_empty_6_0.tcl
    │   │   │   │   ├── floorplan_static_leaf_empty_6_0.vds
    │   │   │   │   ├── gen_run.xml
    │   │   │   │   ├── htr.txt
    │   │   │   │   ├── ISEWrap.js
    │   │   │   │   ├── ISEWrap.sh
    │   │   │   │   ├── rundef.js
    │   │   │   │   ├── runme.bat
    │   │   │   │   ├── runme.log
    │   │   │   │   ├── runme.sh
    │   │   │   │   ├── __synthesis_is_running__
    │   │   │   │   ├── vivado.jou
    │   │   │   │   └── vivado.pb
    │   │   │   ├── floorplan_static_leaf_empty_7_0_synth_1
    │   │   │   │   ├── floorplan_static_leaf_empty_7_0.tcl
    │   │   │   │   ├── floorplan_static_leaf_empty_7_0.vds
    │   │   │   │   ├── gen_run.xml
    │   │   │   │   ├── htr.txt
    │   │   │   │   ├── ISEWrap.js
    │   │   │   │   ├── ISEWrap.sh
    │   │   │   │   ├── rundef.js
    │   │   │   │   ├── runme.bat
    │   │   │   │   ├── runme.log
    │   │   │   │   ├── runme.sh
    │   │   │   │   ├── __synthesis_is_running__
    │   │   │   │   ├── vivado.jou
    │   │   │   │   └── vivado.pb
    │   │   │   ├── floorplan_static_leaf_empty_8_0_synth_1
    │   │   │   │   ├── floorplan_static_leaf_empty_8_0.tcl
    │   │   │   │   ├── floorplan_static_leaf_empty_8_0.vds
    │   │   │   │   ├── gen_run.xml
    │   │   │   │   ├── htr.txt
    │   │   │   │   ├── ISEWrap.js
    │   │   │   │   ├── ISEWrap.sh
    │   │   │   │   ├── rundef.js
    │   │   │   │   ├── runme.bat
    │   │   │   │   ├── runme.log
    │   │   │   │   ├── runme.sh
    │   │   │   │   ├── __synthesis_is_running__
    │   │   │   │   ├── vivado.jou
    │   │   │   │   └── vivado.pb
    │   │   │   ├── floorplan_static_reset_bft_0_synth_1
    │   │   │   │   ├── dont_touch.xdc
    │   │   │   │   ├── floorplan_static_reset_bft_0.tcl
    │   │   │   │   ├── gen_run.xml
    │   │   │   │   ├── htr.txt
    │   │   │   │   ├── ISEWrap.js
    │   │   │   │   ├── ISEWrap.sh
    │   │   │   │   ├── rundef.js
    │   │   │   │   ├── runme.bat
    │   │   │   │   └── runme.sh
    │   │   │   ├── floorplan_static_reset_user_0_synth_1
    │   │   │   │   ├── dont_touch.xdc
    │   │   │   │   ├── floorplan_static_reset_user_0.tcl
    │   │   │   │   ├── gen_run.xml
    │   │   │   │   ├── htr.txt
    │   │   │   │   ├── ISEWrap.js
    │   │   │   │   ├── ISEWrap.sh
    │   │   │   │   ├── rundef.js
    │   │   │   │   ├── runme.bat
    │   │   │   │   └── runme.sh
    │   │   │   ├── floorplan_static_xbar_0_synth_1
    │   │   │   │   ├── dont_touch.xdc
    │   │   │   │   ├── floorplan_static_xbar_0.tcl
    │   │   │   │   ├── gen_run.xml
    │   │   │   │   ├── htr.txt
    │   │   │   │   ├── ISEWrap.js
    │   │   │   │   ├── ISEWrap.sh
    │   │   │   │   ├── rundef.js
    │   │   │   │   ├── runme.bat
    │   │   │   │   └── runme.sh
    │   │   │   ├── floorplan_static_zynq_ultra_ps_e_0_0_synth_1
    │   │   │   │   ├── dont_touch.xdc
    │   │   │   │   ├── floorplan_static_zynq_ultra_ps_e_0_0.tcl
    │   │   │   │   ├── gen_run.xml
    │   │   │   │   ├── htr.txt
    │   │   │   │   ├── ISEWrap.js
    │   │   │   │   ├── ISEWrap.sh
    │   │   │   │   ├── rundef.js
    │   │   │   │   ├── runme.bat
    │   │   │   │   └── runme.sh
    │   │   │   └── synth_1
    │   │   │       ├── dont_touch.xdc
    │   │   │       ├── floorplan_static_wrapper.tcl
    │   │   │       ├── gen_run.xml
    │   │   │       ├── htr.txt
    │   │   │       ├── ISEWrap.js
    │   │   │       ├── ISEWrap.sh
    │   │   │       ├── project.wdf
    │   │   │       ├── rundef.js
    │   │   │       ├── runme.bat
    │   │   │       └── runme.sh
    │   │   ├── floorplan_static.srcs
    │   │   │   ├── constrs_1
    │   │   │   │   └── imports
    │   │   │   │       └── src
    │   │   │   │           └── pblocks.xdc
    │   │   │   └── sources_1
    │   │   │       ├── bd
    │   │   │       │   └── floorplan_static
    │   │   │       │       ├── floorplan_static.bd
    │   │   │       │       ├── floorplan_static.bda
    │   │   │       │       ├── ip
    │   │   │       │       │   ├── floorplan_static_auto_ds_0
    │   │   │       │       │   │   └── floorplan_static_auto_ds_0.xci
    │   │   │       │       │   ├── floorplan_static_auto_ds_1
    │   │   │       │       │   │   └── floorplan_static_auto_ds_1.xci
    │   │   │       │       │   ├── floorplan_static_auto_pc_0
    │   │   │       │       │   │   └── floorplan_static_auto_pc_0.xci
    │   │   │       │       │   ├── floorplan_static_auto_pc_1
    │   │   │       │       │   │   └── floorplan_static_auto_pc_1.xci
    │   │   │       │       │   ├── floorplan_static_axi2stream_v1_0_0_0
    │   │   │       │       │   │   └── floorplan_static_axi2stream_v1_0_0_0.xci
    │   │   │       │       │   ├── floorplan_static_axi_dma_0_0
    │   │   │       │       │   │   └── floorplan_static_axi_dma_0_0.xci
    │   │   │       │       │   ├── floorplan_static_AxiLite2Bft_v2_0_0_0
    │   │   │       │       │   │   └── floorplan_static_AxiLite2Bft_v2_0_0_0.xci
    │   │   │       │       │   ├── floorplan_static_axi_smc_0
    │   │   │       │       │   │   └── floorplan_static_axi_smc_0.xci
    │   │   │       │       │   ├── floorplan_static_bft_0_0
    │   │   │       │       │   │   └── floorplan_static_bft_0_0.xci
    │   │   │       │       │   ├── floorplan_static_dma_converter_0_0
    │   │   │       │       │   │   └── floorplan_static_dma_converter_0_0.xci
    │   │   │       │       │   ├── floorplan_static_InterfaceWrapper1_0_0
    │   │   │       │       │   │   └── floorplan_static_InterfaceWrapper1_0_0.xci
    │   │   │       │       │   ├── floorplan_static_InterfaceWrapper7_0_0
    │   │   │       │       │   │   └── floorplan_static_InterfaceWrapper7_0_0.xci
    │   │   │       │       │   ├── floorplan_static_leaf_empty_3_0
    │   │   │       │       │   │   └── floorplan_static_leaf_empty_3_0.xci
    │   │   │       │       │   ├── floorplan_static_leaf_empty_4_0
    │   │   │       │       │   │   └── floorplan_static_leaf_empty_4_0.xci
    │   │   │       │       │   ├── floorplan_static_leaf_empty_5_0
    │   │   │       │       │   │   └── floorplan_static_leaf_empty_5_0.xci
    │   │   │       │       │   ├── floorplan_static_leaf_empty_6_0
    │   │   │       │       │   │   └── floorplan_static_leaf_empty_6_0.xci
    │   │   │       │       │   ├── floorplan_static_leaf_empty_7_0
    │   │   │       │       │   │   └── floorplan_static_leaf_empty_7_0.xci
    │   │   │       │       │   ├── floorplan_static_leaf_empty_8_0
    │   │   │       │       │   │   └── floorplan_static_leaf_empty_8_0.xci
    │   │   │       │       │   ├── floorplan_static_ps8_0_axi_periph_0
    │   │   │       │       │   │   └── floorplan_static_ps8_0_axi_periph_0.xci
    │   │   │       │       │   ├── floorplan_static_reset_bft_0
    │   │   │       │       │   │   └── floorplan_static_reset_bft_0.xci
    │   │   │       │       │   ├── floorplan_static_reset_user_0
    │   │   │       │       │   │   └── floorplan_static_reset_user_0.xci
    │   │   │       │       │   ├── floorplan_static_xbar_0
    │   │   │       │       │   │   └── floorplan_static_xbar_0.xci
    │   │   │       │       │   ├── floorplan_static_xlconstant_0_0
    │   │   │       │       │   │   └── floorplan_static_xlconstant_0_0.xci
    │   │   │       │       │   └── floorplan_static_zynq_ultra_ps_e_0_0
    │   │   │       │       │       └── floorplan_static_zynq_ultra_ps_e_0_0.xci
    │   │   │       │       └── ui
    │   │   │       │           └── bd_e5f59938.ui
    │   │   │       └── imports
    │   │   │           └── src
    │   │   │               ├── axi2stream_v1_0.v
    │   │   │               ├── AxiLite2Bft_v2_0.v
    │   │   │               ├── bft.v
    │   │   │               ├── Config_Controls.v
    │   │   │               ├── converge_ctrl.v
    │   │   │               ├── converter.v
    │   │   │               ├── ExtractCtrl.v
    │   │   │               ├── fifo_stream_in.v
    │   │   │               ├── fifo_stream_out.v
    │   │   │               ├── floorplan_static_wrapper.v
    │   │   │               ├── gen_nw_vivado.v
    │   │   │               ├── Input_Port_Cluster.v
    │   │   │               ├── Input_Port.v
    │   │   │               ├── instr_config.v
    │   │   │               ├── InterfaceWapper1.v
    │   │   │               ├── InterfaceWapper7.v
    │   │   │               ├── leaf_empty.v
    │   │   │               ├── leaf_interface.v
    │   │   │               ├── Output_Port_Cluster.v
    │   │   │               ├── Output_Port.v
    │   │   │               ├── read_b_in.v
    │   │   │               ├── rise_detect.v
    │   │   │               ├── Stream_Flow_Control.v
    │   │   │               ├── SynFIFO.v
    │   │   │               ├── user_kernel.v
    │   │   │               ├── write_b_in.v
    │   │   │               └── write_b_out.v
    │   │   └── floorplan_static.xpr
    │   ├── project_syn2dcp.tcl
    │   ├── project_syn2gen.tcl
    │   ├── qsub_mk_overlay.sh
    │   ├── qsub_project_syn2dcp.sh
    │   ├── qsub_project_syn2gen.sh
    │   ├── src
    │   │   ├── axi2stream_v1_0.v
    │   │   ├── AxiLite2Bft_v2_0.v
    │   │   ├── bft.v
    │   │   ├── Config_Controls.v
    │   │   ├── converge_ctrl.v
    │   │   ├── converter.v
    │   │   ├── ExtractCtrl.v
    │   │   ├── fifo_stream_in.v
    │   │   ├── fifo_stream_out.v
    │   │   ├── floorplan_static_wrapper.v
    │   │   ├── gen_nw_vivado.v
    │   │   ├── Input_Port_Cluster.v
    │   │   ├── Input_Port.v
    │   │   ├── instr_config.v
    │   │   ├── InterfaceWapper1.v
    │   │   ├── InterfaceWapper7.v
    │   │   ├── leaf_empty.v
    │   │   ├── leaf_interface.v
    │   │   ├── Output_Port_Cluster.v
    │   │   ├── Output_Port.v
    │   │   ├── pblocks.xdc
    │   │   ├── read_b_in.v
    │   │   ├── rise_detect.v
    │   │   ├── Stream_Flow_Control.v
    │   │   ├── SynFIFO.v
    │   │   ├── user_kernel.v
    │   │   ├── write_b_in.v
    │   │   └── write_b_out.v
    │   ├── vivado_30340.backup.jou
    │   ├── vivado_30340.backup.log
    │   ├── vivado.jou
    │   └── vivado.log
    ├── F002_hls_rendering
    │   ├── coloringFB_bot_m_prj
    │   │   ├── coloringFB_bot_m
    │   │   │   ├── coloringFB_bot_m.aps
    │   │   │   ├── coloringFB_bot_m_data.json
    │   │   │   ├── coloringFB_bot_m.directive
    │   │   │   ├── coloringFB_bot_m.funcunit
    │   │   │   ├── coloringFB_bot_m.log
    │   │   │   ├── impl
    │   │   │   │   ├── misc
    │   │   │   │   │   └── logo.png
    │   │   │   │   ├── verilog
    │   │   │   │   │   ├── coloringFB_bot_m_frame_buffer_V_ram.dat
    │   │   │   │   │   ├── coloringFB_bot_m_frame_buffer_V.v
    │   │   │   │   │   ├── coloringFB_bot_m_regslice_both.v
    │   │   │   │   │   └── coloringFB_bot_m.v
    │   │   │   │   └── vhdl
    │   │   │   │       ├── coloringFB_bot_m_frame_buffer_V.vhd
    │   │   │   │       ├── coloringFB_bot_m_regslice_both.vhd
    │   │   │   │       └── coloringFB_bot_m.vhd
    │   │   │   ├── script.tcl
    │   │   │   └── syn
    │   │   │       ├── report
    │   │   │       │   ├── coloringFB_bot_m_csynth.rpt
    │   │   │       │   ├── coloringFB_bot_m_csynth.xml
    │   │   │       │   ├── csynth.rpt
    │   │   │       │   └── csynth.xml
    │   │   │       ├── verilog
    │   │   │       │   ├── coloringFB_bot_m_frame_buffer_V_ram.dat
    │   │   │       │   ├── coloringFB_bot_m_frame_buffer_V.v
    │   │   │       │   ├── coloringFB_bot_m_regslice_both.v
    │   │   │       │   └── coloringFB_bot_m.v
    │   │   │       └── vhdl
    │   │   │           ├── coloringFB_bot_m_frame_buffer_V.vhd
    │   │   │           ├── coloringFB_bot_m_regslice_both.vhd
    │   │   │           └── coloringFB_bot_m.vhd
    │   │   └── hls.app
    │   ├── coloringFB_top_m_prj
    │   │   ├── coloringFB_top_m
    │   │   │   ├── coloringFB_top_m.aps
    │   │   │   ├── coloringFB_top_m_data.json
    │   │   │   ├── coloringFB_top_m.directive
    │   │   │   ├── coloringFB_top_m.funcunit
    │   │   │   ├── coloringFB_top_m.log
    │   │   │   ├── impl
    │   │   │   │   ├── misc
    │   │   │   │   │   └── logo.png
    │   │   │   │   ├── verilog
    │   │   │   │   │   ├── coloringFB_top_m_frame_buffer_V_ram.dat
    │   │   │   │   │   ├── coloringFB_top_m_frame_buffer_V.v
    │   │   │   │   │   ├── coloringFB_top_m_regslice_both.v
    │   │   │   │   │   └── coloringFB_top_m.v
    │   │   │   │   └── vhdl
    │   │   │   │       ├── coloringFB_top_m_frame_buffer_V.vhd
    │   │   │   │       ├── coloringFB_top_m_regslice_both.vhd
    │   │   │   │       └── coloringFB_top_m.vhd
    │   │   │   ├── script.tcl
    │   │   │   └── syn
    │   │   │       ├── report
    │   │   │       │   ├── coloringFB_top_m_csynth.rpt
    │   │   │       │   ├── coloringFB_top_m_csynth.xml
    │   │   │       │   ├── csynth.rpt
    │   │   │       │   └── csynth.xml
    │   │   │       ├── verilog
    │   │   │       │   ├── coloringFB_top_m_frame_buffer_V_ram.dat
    │   │   │       │   ├── coloringFB_top_m_frame_buffer_V.v
    │   │   │       │   ├── coloringFB_top_m_regslice_both.v
    │   │   │       │   └── coloringFB_top_m.v
    │   │   │       └── vhdl
    │   │   │           ├── coloringFB_top_m_frame_buffer_V.vhd
    │   │   │           ├── coloringFB_top_m_regslice_both.vhd
    │   │   │           └── coloringFB_top_m.vhd
    │   │   └── hls.app
    │   ├── data_redir_m_prj
    │   │   ├── data_redir_m
    │   │   │   ├── data_redir_m.aps
    │   │   │   ├── data_redir_m_data.json
    │   │   │   ├── data_redir_m.directive
    │   │   │   ├── data_redir_m.funcunit
    │   │   │   ├── data_redir_m.log
    │   │   │   ├── impl
    │   │   │   │   ├── misc
    │   │   │   │   │   └── logo.png
    │   │   │   │   ├── verilog
    │   │   │   │   │   ├── data_redir_m_mul_8ns_10ns_17_1_1.v
    │   │   │   │   │   ├── data_redir_m_mul_9s_9s_16_1_1.v
    │   │   │   │   │   ├── data_redir_m_mul_9s_9s_18_1_1.v
    │   │   │   │   │   ├── data_redir_m_projection.v
    │   │   │   │   │   ├── data_redir_m_rasterization1.v
    │   │   │   │   │   ├── data_redir_m_regslice_both.v
    │   │   │   │   │   └── data_redir_m.v
    │   │   │   │   └── vhdl
    │   │   │   │       ├── data_redir_m_mul_8ns_10ns_17_1_1.vhd
    │   │   │   │       ├── data_redir_m_mul_9s_9s_16_1_1.vhd
    │   │   │   │       ├── data_redir_m_mul_9s_9s_18_1_1.vhd
    │   │   │   │       ├── data_redir_m_projection.vhd
    │   │   │   │       ├── data_redir_m_rasterization1.vhd
    │   │   │   │       ├── data_redir_m_regslice_both.vhd
    │   │   │   │       └── data_redir_m.vhd
    │   │   │   ├── script.tcl
    │   │   │   └── syn
    │   │   │       ├── report
    │   │   │       │   ├── csynth.rpt
    │   │   │       │   ├── csynth.xml
    │   │   │       │   ├── data_redir_m_csynth.rpt
    │   │   │       │   ├── data_redir_m_csynth.xml
    │   │   │       │   ├── projection_csynth.rpt
    │   │   │       │   ├── projection_csynth.xml
    │   │   │       │   ├── rasterization1_csynth.rpt
    │   │   │       │   └── rasterization1_csynth.xml
    │   │   │       ├── verilog
    │   │   │       │   ├── data_redir_m_mul_8ns_10ns_17_1_1.v
    │   │   │       │   ├── data_redir_m_mul_9s_9s_16_1_1.v
    │   │   │       │   ├── data_redir_m_mul_9s_9s_18_1_1.v
    │   │   │       │   ├── data_redir_m_projection.v
    │   │   │       │   ├── data_redir_m_rasterization1.v
    │   │   │       │   ├── data_redir_m_regslice_both.v
    │   │   │       │   └── data_redir_m.v
    │   │   │       └── vhdl
    │   │   │           ├── data_redir_m_mul_8ns_10ns_17_1_1.vhd
    │   │   │           ├── data_redir_m_mul_9s_9s_16_1_1.vhd
    │   │   │           ├── data_redir_m_mul_9s_9s_18_1_1.vhd
    │   │   │           ├── data_redir_m_projection.vhd
    │   │   │           ├── data_redir_m_rasterization1.vhd
    │   │   │           ├── data_redir_m_regslice_both.vhd
    │   │   │           └── data_redir_m.vhd
    │   │   └── hls.app
    │   ├── rasterization2_m_prj
    │   │   ├── hls.app
    │   │   └── rasterization2_m
    │   │       ├── impl
    │   │       │   ├── misc
    │   │       │   │   └── logo.png
    │   │       │   ├── verilog
    │   │       │   │   ├── rasterization2_m_mac_mulsub_9s_9s_18ns_18_4_1.v
    │   │       │   │   ├── rasterization2_m_mul_9s_9s_18_1_1.v
    │   │       │   │   ├── rasterization2_m_rasterization2_even.v
    │   │       │   │   ├── rasterization2_m_rasterization2_odd_fragment_color_V_ram.dat
    │   │       │   │   ├── rasterization2_m_rasterization2_odd_fragment_color_V.v
    │   │       │   │   ├── rasterization2_m_rasterization2_odd_fragment_x_V_ram.dat
    │   │       │   │   ├── rasterization2_m_rasterization2_odd_fragment_x_V.v
    │   │       │   │   ├── rasterization2_m_rasterization2_odd.v
    │   │       │   │   ├── rasterization2_m_regslice_both.v
    │   │       │   │   ├── rasterization2_m_udiv_16ns_8ns_8_20_1.v
    │   │       │   │   ├── rasterization2_m_urem_16ns_8ns_8_20_1.v
    │   │       │   │   └── rasterization2_m.v
    │   │       │   └── vhdl
    │   │       │       ├── rasterization2_m_mac_mulsub_9s_9s_18ns_18_4_1.vhd
    │   │       │       ├── rasterization2_m_mul_9s_9s_18_1_1.vhd
    │   │       │       ├── rasterization2_m_rasterization2_even.vhd
    │   │       │       ├── rasterization2_m_rasterization2_odd_fragment_color_V.vhd
    │   │       │       ├── rasterization2_m_rasterization2_odd_fragment_x_V.vhd
    │   │       │       ├── rasterization2_m_rasterization2_odd.vhd
    │   │       │       ├── rasterization2_m_regslice_both.vhd
    │   │       │       ├── rasterization2_m_udiv_16ns_8ns_8_20_1.vhd
    │   │       │       ├── rasterization2_m_urem_16ns_8ns_8_20_1.vhd
    │   │       │       └── rasterization2_m.vhd
    │   │       ├── rasterization2_m.aps
    │   │       ├── rasterization2_m_data.json
    │   │       ├── rasterization2_m.directive
    │   │       ├── rasterization2_m.funcunit
    │   │       ├── rasterization2_m.log
    │   │       ├── script.tcl
    │   │       └── syn
    │   │           ├── report
    │   │           │   ├── csynth.rpt
    │   │           │   ├── csynth.xml
    │   │           │   ├── rasterization2_even_csynth.rpt
    │   │           │   ├── rasterization2_even_csynth.xml
    │   │           │   ├── rasterization2_m_csynth.rpt
    │   │           │   ├── rasterization2_m_csynth.xml
    │   │           │   ├── rasterization2_odd_csynth.rpt
    │   │           │   └── rasterization2_odd_csynth.xml
    │   │           ├── verilog
    │   │           │   ├── rasterization2_m_mac_mulsub_9s_9s_18ns_18_4_1.v
    │   │           │   ├── rasterization2_m_mul_9s_9s_18_1_1.v
    │   │           │   ├── rasterization2_m_rasterization2_even.v
    │   │           │   ├── rasterization2_m_rasterization2_odd_fragment_color_V_ram.dat
    │   │           │   ├── rasterization2_m_rasterization2_odd_fragment_color_V.v
    │   │           │   ├── rasterization2_m_rasterization2_odd_fragment_x_V_ram.dat
    │   │           │   ├── rasterization2_m_rasterization2_odd_fragment_x_V.v
    │   │           │   ├── rasterization2_m_rasterization2_odd.v
    │   │           │   ├── rasterization2_m_regslice_both.v
    │   │           │   ├── rasterization2_m_udiv_16ns_8ns_8_20_1.v
    │   │           │   ├── rasterization2_m_urem_16ns_8ns_8_20_1.v
    │   │           │   └── rasterization2_m.v
    │   │           └── vhdl
    │   │               ├── rasterization2_m_mac_mulsub_9s_9s_18ns_18_4_1.vhd
    │   │               ├── rasterization2_m_mul_9s_9s_18_1_1.vhd
    │   │               ├── rasterization2_m_rasterization2_even.vhd
    │   │               ├── rasterization2_m_rasterization2_odd_fragment_color_V.vhd
    │   │               ├── rasterization2_m_rasterization2_odd_fragment_x_V.vhd
    │   │               ├── rasterization2_m_rasterization2_odd.vhd
    │   │               ├── rasterization2_m_regslice_both.vhd
    │   │               ├── rasterization2_m_udiv_16ns_8ns_8_20_1.vhd
    │   │               ├── rasterization2_m_urem_16ns_8ns_8_20_1.vhd
    │   │               └── rasterization2_m.vhd
    │   ├── run_coloringFB_bot_m.sh
    │   ├── run_coloringFB_top_m.sh
    │   ├── run_data_redir_m.sh
    │   ├── runLogcoloringFB_bot_m.log
    │   ├── runLogcoloringFB_top_m.log
    │   ├── runLogdata_redir_m.log
    │   ├── runLograsterization2_m.log
    │   ├── runLogzculling_bot.log
    │   ├── runLogzculling_top.log
    │   ├── run_rasterization2_m.sh
    │   ├── run_zculling_bot.sh
    │   ├── run_zculling_top.sh
    │   ├── vitis_hls.log
    │   ├── zculling_bot_prj
    │   │   ├── hls.app
    │   │   └── zculling_bot
    │   │       ├── impl
    │   │       │   ├── misc
    │   │       │   │   └── logo.png
    │   │       │   ├── verilog
    │   │       │   │   ├── zculling_bot_pixels_x_V.v
    │   │       │   │   ├── zculling_bot_regslice_both.v
    │   │       │   │   ├── zculling_bot.v
    │   │       │   │   ├── zculling_bot_z_buffer_V_ram.dat
    │   │       │   │   └── zculling_bot_z_buffer_V.v
    │   │       │   └── vhdl
    │   │       │       ├── zculling_bot_pixels_x_V.vhd
    │   │       │       ├── zculling_bot_regslice_both.vhd
    │   │       │       ├── zculling_bot.vhd
    │   │       │       └── zculling_bot_z_buffer_V.vhd
    │   │       ├── script.tcl
    │   │       ├── syn
    │   │       │   ├── report
    │   │       │   │   ├── csynth.rpt
    │   │       │   │   ├── csynth.xml
    │   │       │   │   ├── zculling_bot_csynth.rpt
    │   │       │   │   └── zculling_bot_csynth.xml
    │   │       │   ├── verilog
    │   │       │   │   ├── zculling_bot_pixels_x_V.v
    │   │       │   │   ├── zculling_bot_regslice_both.v
    │   │       │   │   ├── zculling_bot.v
    │   │       │   │   ├── zculling_bot_z_buffer_V_ram.dat
    │   │       │   │   └── zculling_bot_z_buffer_V.v
    │   │       │   └── vhdl
    │   │       │       ├── zculling_bot_pixels_x_V.vhd
    │   │       │       ├── zculling_bot_regslice_both.vhd
    │   │       │       ├── zculling_bot.vhd
    │   │       │       └── zculling_bot_z_buffer_V.vhd
    │   │       ├── zculling_bot.aps
    │   │       ├── zculling_bot_data.json
    │   │       ├── zculling_bot.directive
    │   │       ├── zculling_bot.funcunit
    │   │       └── zculling_bot.log
    │   └── zculling_top_prj
    │       ├── hls.app
    │       └── zculling_top
    │           ├── impl
    │           │   ├── misc
    │           │   │   └── logo.png
    │           │   ├── verilog
    │           │   │   ├── zculling_top_pixels_x_V.v
    │           │   │   ├── zculling_top_regslice_both.v
    │           │   │   ├── zculling_top.v
    │           │   │   ├── zculling_top_z_buffer_V_ram.dat
    │           │   │   └── zculling_top_z_buffer_V.v
    │           │   └── vhdl
    │           │       ├── zculling_top_pixels_x_V.vhd
    │           │       ├── zculling_top_regslice_both.vhd
    │           │       ├── zculling_top.vhd
    │           │       └── zculling_top_z_buffer_V.vhd
    │           ├── script.tcl
    │           ├── syn
    │           │   ├── report
    │           │   │   ├── csynth.rpt
    │           │   │   ├── csynth.xml
    │           │   │   ├── zculling_top_csynth.rpt
    │           │   │   └── zculling_top_csynth.xml
    │           │   ├── verilog
    │           │   │   ├── zculling_top_pixels_x_V.v
    │           │   │   ├── zculling_top_regslice_both.v
    │           │   │   ├── zculling_top.v
    │           │   │   ├── zculling_top_z_buffer_V_ram.dat
    │           │   │   └── zculling_top_z_buffer_V.v
    │           │   └── vhdl
    │           │       ├── zculling_top_pixels_x_V.vhd
    │           │       ├── zculling_top_regslice_both.vhd
    │           │       ├── zculling_top.vhd
    │           │       └── zculling_top_z_buffer_V.vhd
    │           ├── zculling_top.aps
    │           ├── zculling_top_data.json
    │           ├── zculling_top.directive
    │           ├── zculling_top.funcunit
    │           └── zculling_top.log
    └── F003_syn_rendering
        ├── coloringFB_bot_m
        │   ├── leaf.v
        │   ├── page_netlist.dcp
        │   ├── runLog_coloringFB_bot_m.log
        │   ├── run.sh
        │   ├── src
        │   │   ├── Config_Controls.v
        │   │   ├── converge_ctrl.v
        │   │   ├── ExtractCtrl.v
        │   │   ├── Input_Port_Cluster.v
        │   │   ├── Input_Port.v
        │   │   ├── instr_config.v
        │   │   ├── leaf_interface.v
        │   │   ├── Output_Port_Cluster.v
        │   │   ├── Output_Port.v
        │   │   ├── read_b_in.v
        │   │   ├── rise_detect.v
        │   │   ├── Stream_Flow_Control.v
        │   │   ├── write_b_in.v
        │   │   └── write_b_out.v
        │   ├── syn_page.tcl
        │   ├── utilization.rpt
        │   ├── vivado.jou
        │   └── vivado.log
        ├── coloringFB_top_m
        │   ├── leaf.v
        │   ├── page_netlist.dcp
        │   ├── runLog_coloringFB_top_m.log
        │   ├── run.sh
        │   ├── src
        │   │   ├── Config_Controls.v
        │   │   ├── converge_ctrl.v
        │   │   ├── ExtractCtrl.v
        │   │   ├── Input_Port_Cluster.v
        │   │   ├── Input_Port.v
        │   │   ├── instr_config.v
        │   │   ├── leaf_interface.v
        │   │   ├── Output_Port_Cluster.v
        │   │   ├── Output_Port.v
        │   │   ├── read_b_in.v
        │   │   ├── rise_detect.v
        │   │   ├── Stream_Flow_Control.v
        │   │   ├── write_b_in.v
        │   │   └── write_b_out.v
        │   ├── syn_page.tcl
        │   ├── utilization.rpt
        │   ├── vivado.jou
        │   └── vivado.log
        ├── data_redir_m
        │   ├── leaf.v
        │   ├── page_netlist.dcp
        │   ├── runLog_data_redir_m.log
        │   ├── run.sh
        │   ├── src
        │   │   ├── Config_Controls.v
        │   │   ├── converge_ctrl.v
        │   │   ├── ExtractCtrl.v
        │   │   ├── Input_Port_Cluster.v
        │   │   ├── Input_Port.v
        │   │   ├── instr_config.v
        │   │   ├── leaf_interface.v
        │   │   ├── Output_Port_Cluster.v
        │   │   ├── Output_Port.v
        │   │   ├── read_b_in.v
        │   │   ├── rise_detect.v
        │   │   ├── Stream_Flow_Control.v
        │   │   ├── write_b_in.v
        │   │   └── write_b_out.v
        │   ├── syn_page.tcl
        │   ├── utilization.rpt
        │   ├── vivado.jou
        │   └── vivado.log
        ├── rasterization2_m
        │   ├── leaf.v
        │   ├── page_netlist.dcp
        │   ├── runLog_rasterization2_m.log
        │   ├── run.sh
        │   ├── src
        │   │   ├── Config_Controls.v
        │   │   ├── converge_ctrl.v
        │   │   ├── ExtractCtrl.v
        │   │   ├── Input_Port_Cluster.v
        │   │   ├── Input_Port.v
        │   │   ├── instr_config.v
        │   │   ├── leaf_interface.v
        │   │   ├── Output_Port_Cluster.v
        │   │   ├── Output_Port.v
        │   │   ├── read_b_in.v
        │   │   ├── rise_detect.v
        │   │   ├── Stream_Flow_Control.v
        │   │   ├── write_b_in.v
        │   │   └── write_b_out.v
        │   ├── syn_page.tcl
        │   ├── utilization.rpt
        │   ├── vivado.jou
        │   └── vivado.log
        ├── zculling_bot
        │   ├── leaf.v
        │   ├── page_netlist.dcp
        │   ├── runLog_zculling_bot.log
        │   ├── run.sh
        │   ├── src
        │   │   ├── Config_Controls.v
        │   │   ├── converge_ctrl.v
        │   │   ├── ExtractCtrl.v
        │   │   ├── Input_Port_Cluster.v
        │   │   ├── Input_Port.v
        │   │   ├── instr_config.v
        │   │   ├── leaf_interface.v
        │   │   ├── Output_Port_Cluster.v
        │   │   ├── Output_Port.v
        │   │   ├── read_b_in.v
        │   │   ├── rise_detect.v
        │   │   ├── Stream_Flow_Control.v
        │   │   ├── write_b_in.v
        │   │   └── write_b_out.v
        │   ├── syn_page.tcl
        │   ├── utilization.rpt
        │   ├── vivado.jou
        │   └── vivado.log
        └── zculling_top
            ├── leaf.v
            ├── page_netlist.dcp
            ├── runLog_zculling_top.log
            ├── run.sh
            ├── src
            │   ├── Config_Controls.v
            │   ├── converge_ctrl.v
            │   ├── ExtractCtrl.v
            │   ├── Input_Port_Cluster.v
            │   ├── Input_Port.v
            │   ├── instr_config.v
            │   ├── leaf_interface.v
            │   ├── Output_Port_Cluster.v
            │   ├── Output_Port.v
            │   ├── read_b_in.v
            │   ├── rise_detect.v
            │   ├── Stream_Flow_Control.v
            │   ├── write_b_in.v
            │   └── write_b_out.v
            ├── syn_page.tcl
            ├── utilization.rpt
            ├── vivado.jou
            └── vivado.log

473 directories, 1390 files
