INFO: [v++ 60-1306] Additional information associated with this v++ link can be found at:
	Reports: /home/ylxiao/ws_211/prflow_riscv/input_src/optical_flow_bk/sw_emu/_x/reports/link
	Log files: /home/ylxiao/ws_211/prflow_riscv/input_src/optical_flow_bk/sw_emu/_x/logs/link
INFO: [v++ 60-1548] Creating build summary session with primary output /home/ylxiao/ws_211/prflow_riscv/input_src/optical_flow_bk/sw_emu/ydma.xclbin.link_summary, at Thu Jul 29 00:19:22 2021
INFO: [v++ 60-1316] Initiating connection to rulecheck server, at Thu Jul 29 00:19:22 2021
INFO: [v++ 60-1315] Creating rulecheck session with output '/home/ylxiao/ws_211/prflow_riscv/input_src/optical_flow_bk/sw_emu/_x/reports/link/v++_link_ydma_guidance.html', at Thu Jul 29 00:19:24 2021
INFO: [v++ 60-895]   Target platform: /opt/xilinx/platforms/xilinx_u50_gen3x16_xdma_201920_3/xilinx_u50_gen3x16_xdma_201920_3.xpfm
INFO: [v++ 60-1578]   This platform contains Xilinx Shell Archive '/opt/xilinx/platforms/xilinx_u50_gen3x16_xdma_201920_3/hw/hw.xsa'
INFO: [v++ 74-78] Compiler Version string: 2021.1
INFO: [v++ 60-1302] Platform 'xilinx_u50_gen3x16_xdma_201920_3.xpfm' has been explicitly enabled for this release.
INFO: [v++ 60-629] Linking for software emulation target
INFO: [v++ 60-423]   Target device: xilinx_u50_gen3x16_xdma_201920_3
INFO: [v++ 60-645] kernel flags are '-g -I /opt/Xilinx/Vivado/2021.1/include -I /home/ylxiao/ws_211/prflow_riscv/input_src/optical_flow_bk -I /home/ylxiao/ws_211/prflow_riscv/input_src/optical_flow_bk/host -g'
WARNING: [v++ 60-2336] Parameter compiler.enableSlrComputeUnitDrc was set to true, but no SLRs were specified via the command line.
INFO: [v++ 60-586] Created ydma.xclbin
INFO: [v++ 60-1307] Run completed. Additional information can be found in:
	Guidance: /home/ylxiao/ws_211/prflow_riscv/input_src/optical_flow_bk/sw_emu/_x/reports/link/v++_link_ydma_guidance.html
	Steps Log File: /home/ylxiao/ws_211/prflow_riscv/input_src/optical_flow_bk/sw_emu/_x/logs/link/link.steps.log

INFO: [v++ 60-2343] Use the vitis_analyzer tool to visualize and navigate the relevant reports. Run the following command. 
    vitis_analyzer /home/ylxiao/ws_211/prflow_riscv/input_src/optical_flow_bk/sw_emu/ydma.xclbin.link_summary 
INFO: [v++ 60-791] Total elapsed time: 0h 1m 5s
INFO: [v++ 60-1653] Closing dispatch client.
