Thu Jul 29 00:19:13 2021: Running xcd server. This server was built by gradle.
Thu Jul 29 00:19:13 2021: Server was asked to start on port: '42293'
Thu Jul 29 00:19:13 2021: Server is using token UUID: 'f2658195-0fd8-4104-8600-f196aa8a45a1'
Thu Jul 29 00:19:13 2021: SESSION_MGR: creating session with session uuid: '6d04a3e9-ade5-4ab9-8d63-1f78fcd2ec76' and name 'default'
Thu Jul 29 00:19:13 2021: Attempting to start server on port '42293'
Thu Jul 29 00:19:13 2021: XCD main fifo: created main fifo '/tmp/xcdmainf2658195-0fd8-4104-8600-f196aa8a45a1', fd read = 13
Thu Jul 29 00:19:13 2021: Running Dispatch Server
Thu Jul 29 00:19:13 2021: Version 2.2.0
Thu Jul 29 00:19:21 2021: Dispatch Server: Accepted socket connection from client
Thu Jul 29 00:19:21 2021: Starting Socket connection
Thu Jul 29 00:19:21 2021: EXCHANGE_TOKEN received, server token: f2658195-0fd8-4104-8600-f196aa8a45a1, passed token: f2658195-0fd8-4104-8600-f196aa8a45a1
Thu Jul 29 00:19:22 2021: DISPATCH_HANDLER: Adding handler from function makeHandler in library libxv_system_diagram
Thu Jul 29 00:19:22 2021: SESSION_MGR: creating session with session uuid: '1a1a8c68-f1f0-4390-86e0-d80ee3ab3801' and name 'v++_link_ydma'
Thu Jul 29 00:19:22 2021: KERNEL_SVC: creating session with uuid: '1a1a8c68-f1f0-4390-86e0-d80ee3ab3801' and name 'v++_link_ydma'
Thu Jul 29 00:19:22 2021: GUIDANCE_SMGR: creating guidance session with uuid: '1a1a8c68-f1f0-4390-86e0-d80ee3ab3801' and name 'v++_link_ydma'
Thu Jul 29 00:19:22 2021: SYSTEM_DIAGRAM_SMGR: creating diagram session with uuid: '1a1a8c68-f1f0-4390-86e0-d80ee3ab3801' and name 'v++_link_ydma'
Thu Jul 29 00:20:17 2021: SESSION_MGR: closing session for UUID '1a1a8c68-f1f0-4390-86e0-d80ee3ab3801' with name 'v++_link_ydma'
Thu Jul 29 00:20:17 2021: KERNEL_SVC: closing session for UUID '1a1a8c68-f1f0-4390-86e0-d80ee3ab3801' with name 'v++_link_ydma'
Thu Jul 29 00:20:17 2021: GUIDANCE_SMGR: closing session for UUID '1a1a8c68-f1f0-4390-86e0-d80ee3ab3801' with name 'v++_link_ydma'
Thu Jul 29 00:20:17 2021: SYSTEM_DIAGRAM_SMGR: closing session for UUID '1a1a8c68-f1f0-4390-86e0-d80ee3ab3801' with name 'v++_link_ydma'
