epoch 0...
epoch 1...
epoch 2...
epoch 3...
epoch 4...
Output_1[0]=02ef8a00
Output_1[1]=fe923da0
Output_1[2]=0b55a2e0
Output_1[3]=fa5bafc0
Output_1[4]=01791b60
Output_1[5]=fe013180
Output_1[6]=024b5ce0
Output_1[7]=02b98420
Output_1[8]=001208e0
Output_1[9]=027690a0
Output_1[10]=0453fa20
Output_1[11]=f9b30300
Output_1[12]=02cfc400
Output_1[13]=005a55e0
Output_1[14]=03aa2080
Output_1[15]=fd1f7f20
Output_1[16]=0033a1c0
Output_1[17]=ff3b3300
Output_1[18]=019a8ac0
Output_1[19]=09047a60
Output_1[20]=fc9218c0
Output_1[21]=01f57c40
Output_1[22]=04c9fe20
Output_1[23]=03b83b00
Output_1[24]=fce78740
Output_1[25]=023a2de0
Output_1[26]=0274bdc0
Output_1[27]=062b3040
Output_1[28]=00fb1b80
Output_1[29]=009d4960
Output_1[30]=004012e0
Output_1[31]=01d4fb80
Output_1[32]=ff4b0140
Output_1[33]=f52130a0
Output_1[34]=120a6a40
Output_1[35]=f7b31c60
Output_1[36]=029179a0
Output_1[37]=04d9f5e0
Output_1[38]=f7314d40
Output_1[39]=04ddf900
Output_1[40]=0343f520
Output_1[41]=fe8abe40
Output_1[42]=ff24fd80
Output_1[43]=0c0a1060
Output_1[44]=02571da0
Output_1[45]=f9432800
Output_1[46]=007975e0
Output_1[47]=fecb0f60
Output_1[48]=fb330c80
Output_1[49]=fbedeba0
Output_1[50]=05434a80
Output_1[51]=06ee0b40
Output_1[52]=0191d420
Output_1[53]=03c1ac60
Output_1[54]=fcb687e0
Output_1[55]=fdc9cae0
Output_1[56]=fc6feea0
Output_1[57]=0d418440
Output_1[58]=028354c0
Output_1[59]=04759d60
Output_1[60]=0c203b80
Output_1[61]=02823ca0
Output_1[62]=ff331800
Output_1[63]=02fbd1a0
Output_1[64]=0199b0e0
Output_1[65]=01463ec0
Output_1[66]=ffd0e840
Output_1[67]=fd41dd20
Output_1[68]=005e8ce0
Output_1[69]=fd033fc0
Output_1[70]=13296e00
Output_1[71]=ff1e4da0
Output_1[72]=feb04fe0
Output_1[73]=fc572120
Output_1[74]=f61e1f00
Output_1[75]=ff48bc40
Output_1[76]=fe9d81e0
Output_1[77]=03c76340
Output_1[78]=01f778a0
Output_1[79]=07f844a0
Output_1[80]=ffd9f1e0
Output_1[81]=ffc55b60
Output_1[82]=0226b9e0
Output_1[83]=0416bd80
Output_1[84]=01fa2fc0
Output_1[85]=fee2c4c0
Output_1[86]=01da88e0
Output_1[87]=03327320
Output_1[88]=081dc180
Output_1[89]=03037a80
Output_1[90]=fdfd6240
Output_1[91]=04237740
Output_1[92]=07341340
Output_1[93]=ffa28b40
Output_1[94]=01cbe780
Output_1[95]=fea5d0c0
Output_1[96]=fdf18260
Output_1[97]=02d53ca0
Output_1[98]=fbca7fe0
Output_1[99]=014bcc20
Output_1[100]=f4cf9bc0
Output_1[101]=fdb126e0
Output_1[102]=05601b20
Output_1[103]=fa2ba960
Output_1[104]=f14bdc60
Output_1[105]=fd13fca0
Output_1[106]=f380bb20
Output_1[107]=097d5f00
Output_1[108]=e9d6f120
Output_1[109]=08bce820
Output_1[110]=02b79c80
Output_1[111]=00a51160
Output_1[112]=09353120
Output_1[113]=fee0fc40
Output_1[114]=fbfaf860
Output_1[115]=ff7f1f80
Output_1[116]=0413a900
Output_1[117]=03d66c60
Output_1[118]=00141a00
Output_1[119]=00d71e80
Output_1[120]=fec596c0
Output_1[121]=03797420
Output_1[122]=ff89f1a0
Output_1[123]=f7ddaa20
Output_1[124]=f8280840
Output_1[125]=feb08e20
Output_1[126]=fee674e0
Output_1[127]=fe1ffe80
Output_1[128]=02d496a0
Output_1[129]=037796e0
Output_1[130]=fdfe7a60
Output_1[131]=fa07e040
Output_1[132]=fdc94e60
Output_1[133]=fc0f7a20
Output_1[134]=fe80ef80
Output_1[135]=0482d3a0
Output_1[136]=01380f80
Output_1[137]=fa1d0800
Output_1[138]=039d9040
Output_1[139]=ffe62f20
Output_1[140]=03832e20
Output_1[141]=00a94860
Output_1[142]=002ab740
Output_1[143]=00885580
Output_1[144]=f4f52d60
Output_1[145]=fba33020
Output_1[146]=fc898140
Output_1[147]=07332f00
Output_1[148]=fbe61940
Output_1[149]=02bb4240
Output_1[150]=01cf3a40
Output_1[151]=ff24c9a0
Output_1[152]=fc13ef60
Output_1[153]=f60de900
Output_1[154]=00711ca0
Output_1[155]=001c49c0
Output_1[156]=0160fe40
Output_1[157]=fca07be0
Output_1[158]=fbc1de00
Output_1[159]=00758780
Output_1[160]=fb0f6280
Output_1[161]=fdac9280
Output_1[162]=ffe0e000
Output_1[163]=f9e9c3a0
Output_1[164]=0c654a80
Output_1[165]=11d48de0
Output_1[166]=fe1cdfa0
Output_1[167]=02e98020
Output_1[168]=01249b80
Output_1[169]=01624a40
Output_1[170]=f840ff40
Output_1[171]=fe8b1ba0
Output_1[172]=05173280
Output_1[173]=fb722660
Output_1[174]=01680120
Output_1[175]=fdd37020
Output_1[176]=fe867ce0
Output_1[177]=f9af52e0
Output_1[178]=0a244da0
Output_1[179]=f46d2080
Output_1[180]=ffb8ac00
Output_1[181]=fe08c5a0
Output_1[182]=fcbbebc0
Output_1[183]=0f1e7140
Output_1[184]=025e1620
Output_1[185]=01fd9740
Output_1[186]=2551ff40
Output_1[187]=0349c0c0
Output_1[188]=fd4b8260
Output_1[189]=fa3f3c80
Output_1[190]=0234bfa0
Output_1[191]=fe57b820
Output_1[192]=06e1d860
Output_1[193]=01c67940
Output_1[194]=04005420
Output_1[195]=fd9f66a0
Output_1[196]=0342d2a0
Output_1[197]=00280a80
Output_1[198]=fee782a0
Output_1[199]=fe92d940
Output_1[200]=fed90060
Output_1[201]=fb2671e0
Output_1[202]=00c64280
Output_1[203]=f807c5c0
Output_1[204]=026e94c0
Output_1[205]=fba74800
Output_1[206]=fdce69a0
Output_1[207]=ffdf9400
Output_1[208]=fd89ccc0
Output_1[209]=021fc160
Output_1[210]=fdc447e0
Output_1[211]=02a7f7c0
Output_1[212]=071ba320
Output_1[213]=04621f00
Output_1[214]=01d9a4a0
Output_1[215]=0a29e560
Output_1[216]=fc4bc820
Output_1[217]=f54f59c0
Output_1[218]=01a4ac80
Output_1[219]=fe5cc900
Output_1[220]=fe9c35e0
Output_1[221]=00afc460
Output_1[222]=02a03a20
Output_1[223]=f8d29ca0
Output_1[224]=065a09c0
Output_1[225]=f74e1380
Output_1[226]=066c1d00
Output_1[227]=04d295a0
Output_1[228]=038bb0e0
Output_1[229]=fff02760
Output_1[230]=fa986580
Output_1[231]=03058140
Output_1[232]=04bda1c0
Output_1[233]=04b81460
Output_1[234]=fe563840
Output_1[235]=04419e40
Output_1[236]=fe5eda20
Output_1[237]=fe0a30c0
Output_1[238]=fb9d9860
Output_1[239]=05b1f8a0
Output_1[240]=fe393e20
Output_1[241]=00faa960
Output_1[242]=fe0c6100
Output_1[243]=f9027980
Output_1[244]=025f23e0
Output_1[245]=fd12cfc0
Output_1[246]=f530dfc0
Output_1[247]=ff93df80
Output_1[248]=032ce5c0
Output_1[249]=fec84380
Output_1[250]=f908ace0
Output_1[251]=ff6e8c20
Output_1[252]=022d7e80
Output_1[253]=03ef8280
Output_1[254]=0219eb60
Output_1[255]=015e3260
Output_1[256]=fba114a0
Output_1[257]=fd07e8e0
Output_1[258]=05c6b8a0
Output_1[259]=01a5afe0
Output_1[260]=fce9cc40
Output_1[261]=0735d160
Output_1[262]=f7416420
Output_1[263]=fe527dc0
Output_1[264]=f8fed3c0
Output_1[265]=fbba0ba0
Output_1[266]=01d05260
Output_1[267]=ff89d280
Output_1[268]=05827920
Output_1[269]=024c02e0
Output_1[270]=f9eb9680
Output_1[271]=06924a40
Output_1[272]=fc55b600
Output_1[273]=fa752da0
Output_1[274]=fdd50f20
Output_1[275]=0438d2e0
Output_1[276]=019ab440
Output_1[277]=02779e60
Output_1[278]=fb770dc0
Output_1[279]=0220ee40
Output_1[280]=01fe32e0
Output_1[281]=fc90d720
Output_1[282]=fb1e03e0
Output_1[283]=ff93f440
Output_1[284]=fad76040
Output_1[285]=fefb68c0
Output_1[286]=01c91ba0
Output_1[287]=057d4920
Output_1[288]=0154ff40
Output_1[289]=12ec07e0
Output_1[290]=fb9dd6a0
Output_1[291]=07a63da0
Output_1[292]=05496920
Output_1[293]=fe227760
Output_1[294]=fddf98a0
Output_1[295]=f8723280
Output_1[296]=01b2e620
Output_1[297]=fc128440
Output_1[298]=ffcd6c00
Output_1[299]=fb3bc320
Output_1[300]=0eae6260
Output_1[301]=ffc80820
Output_1[302]=ffdea560
Output_1[303]=00585980
Output_1[304]=ffd1c220
Output_1[305]=fed6ef40
Output_1[306]=0b14b620
Output_1[307]=fd909160
Output_1[308]=fcea48c0
Output_1[309]=06821ea0
Output_1[310]=0a800440
Output_1[311]=071fa640
Output_1[312]=04bf1740
Output_1[313]=03b7d340
Output_1[314]=00fa4c00
Output_1[315]=ff010080
Output_1[316]=fa802940
Output_1[317]=002ce780
Output_1[318]=05c8fda0
Output_1[319]=ef6bb160
Output_1[320]=f7e7f560
Output_1[321]=04d8f280
Output_1[322]=008f1a20
Output_1[323]=fc680780
Output_1[324]=ff083740
Output_1[325]=0c46d080
Output_1[326]=00622840
Output_1[327]=04142580
Output_1[328]=0c3bc020
Output_1[329]=052734a0
Output_1[330]=04c85f20
Output_1[331]=fecc84e0
Output_1[332]=f6d2df80
Output_1[333]=05382fc0
Output_1[334]=0662cac0
Output_1[335]=09698340
Output_1[336]=fa66c020
Output_1[337]=03c61740
Output_1[338]=01aa1ac0
Output_1[339]=033937c0
Output_1[340]=f8739340
Output_1[341]=021c1140
Output_1[342]=00846720
Output_1[343]=ffd3d340
Output_1[344]=003ae2e0
Output_1[345]=f80b1880
Output_1[346]=0ac496c0
Output_1[347]=fc505220
Output_1[348]=f559a500
Output_1[349]=011af640
Output_1[350]=0048aa60
Output_1[351]=f72d5ee0
Output_1[352]=fe749d80
Output_1[353]=018c1d40
Output_1[354]=04a3b1c0
Output_1[355]=07f2c1a0
Output_1[356]=0122dd60
Output_1[357]=07943f20
Output_1[358]=058c6700
Output_1[359]=fcaab260
Output_1[360]=05da2240
Output_1[361]=fd4fc3c0
Output_1[362]=fe16b6a0
Output_1[363]=fdc097c0
Output_1[364]=04ea7ee0
Output_1[365]=f84dc360
Output_1[366]=f96dfe60
Output_1[367]=fdf65500
Output_1[368]=fcbb5a80
Output_1[369]=02b331a0
Output_1[370]=fac79c60
Output_1[371]=01e7c980
Output_1[372]=fc1207c0
Output_1[373]=02971bc0
Output_1[374]=fbe76540
Output_1[375]=fddb4280
Output_1[376]=fc79dc80
Output_1[377]=0867e160
Output_1[378]=020b0bc0
Output_1[379]=fe08c5a0
Output_1[380]=0a889160
Output_1[381]=05b6ac20
Output_1[382]=f9f780c0
Output_1[383]=ff5ef1c0
Output_1[384]=009a9240
Output_1[385]=00dbe6c0
Output_1[386]=042904a0
Output_1[387]=fd4e58a0
Output_1[388]=fced67a0
Output_1[389]=093b4fc0
Output_1[390]=06dc6a20
Output_1[391]=021feae0
Output_1[392]=ff2cb0c0
Output_1[393]=faf51f80
Output_1[394]=fdb80aa0
Output_1[395]=02455d60
Output_1[396]=fe194ea0
Output_1[397]=f82b5b00
Output_1[398]=02336940
Output_1[399]=ff59c1c0
Output_1[400]=05e3a860
Output_1[401]=fcd4e2c0
Output_1[402]=f93c8ce0
Output_1[403]=ffd20060
Output_1[404]=03383ec0
Output_1[405]=fd2677a0
Output_1[406]=0b9efda0
Output_1[407]=0084afc0
Output_1[408]=02148780
Output_1[409]=043c3000
Output_1[410]=f477fd00
Output_1[411]=0a37a280
Output_1[412]=fe5587e0
Output_1[413]=06340600
Output_1[414]=fe3e1b20
Output_1[415]=f9815da0
Output_1[416]=09205c60
Output_1[417]=0ad92d40
Output_1[418]=feaa4600
Output_1[419]=0288ec80
Output_1[420]=02d0e680
Output_1[421]=026e2d00
Output_1[422]=fdfadf00
Output_1[423]=fc630100
Output_1[424]=01cc8320
Output_1[425]=08d4f080
Output_1[426]=01d2d5a0
Output_1[427]=ff29a6a0
Output_1[428]=03c96a00
Output_1[429]=01dd73e0
Output_1[430]=08391ca0
Output_1[431]=01398f60
Output_1[432]=022edf40
Output_1[433]=0081e3e0
Output_1[434]=07c0e860
Output_1[435]=0ac4a120
Output_1[436]=fed15780
Output_1[437]=fef6bfa0
Output_1[438]=ff0b2240
Output_1[439]=010fc6c0
Output_1[440]=f93709e0
Output_1[441]=02d70520
Output_1[442]=fe3cf8a0
Output_1[443]=06e9e900
Output_1[444]=003d1320
Output_1[445]=ff652520
Output_1[446]=f9e84e20
Output_1[447]=06f45360
Output_1[448]=ffd90da0
Output_1[449]=04904820
Output_1[450]=00bbaea0
Output_1[451]=fc040c60
Output_1[452]=f757e240
Output_1[453]=fee94b20
Output_1[454]=0a21a0e0
Output_1[455]=fdcf1a00
Output_1[456]=010851c0
Output_1[457]=02a64400
Output_1[458]=072bafa0
Output_1[459]=04b9a900
Output_1[460]=fdaf2a80
Output_1[461]=ff029f80
Output_1[462]=00949d20
Output_1[463]=f8eb7ee0
Output_1[464]=f73195e0
Output_1[465]=fe4a6d20
Output_1[466]=ffdaeae0
Output_1[467]=fab95860
Output_1[468]=04f2a440
Output_1[469]=f9593400
Output_1[470]=040da980
Output_1[471]=fb0de2a0
Output_1[472]=ff982b40
Output_1[473]=02067760
Output_1[474]=00530000
Output_1[475]=00ed5e60
Output_1[476]=012cf4c0
Output_1[477]=009c5ac0
Output_1[478]=023a1920
Output_1[479]=0a16cec0
Output_1[480]=ed9113c0
Output_1[481]=ffd10760
Output_1[482]=01bb2aa0
Output_1[483]=fba31100
Output_1[484]=fee92c00
Output_1[485]=fe8b3060
Output_1[486]=0bcb9220
Output_1[487]=03f5fe80
Output_1[488]=05268ea0
Output_1[489]=04c6f400
Output_1[490]=066cc300
Output_1[491]=fbe39600
Output_1[492]=fa2518a0
Output_1[493]=05e41a80
Output_1[494]=009a9240
Output_1[495]=fd7ef040
Output_1[496]=000e39a0
Output_1[497]=fa671d80
Output_1[498]=094482e0
Output_1[499]=ffb14bc0
Output_1[500]=fa95d7e0
Output_1[501]=fde9f8a0
Output_1[502]=056f0f80
Output_1[503]=013a3fc0
Output_1[504]=0003c4e0
Output_1[505]=fcd43cc0
Output_1[506]=054fef80
Output_1[507]=04569220
Output_1[508]=01807140
Output_1[509]=03e85620
Output_1[510]=02aa8fc0
Output_1[511]=f9cb0100
Output_1[512]=f8935940
Output_1[513]=fd7816e0
Output_1[514]=fdf285c0
Output_1[515]=0023b460
Output_1[516]=01b27400
Output_1[517]=044174c0
Output_1[518]=fc479120
Output_1[519]=f8c67420
Output_1[520]=f869ba20
Output_1[521]=f77e81a0
Output_1[522]=03a80f60
Output_1[523]=0265c960
Output_1[524]=feb3e0e0
Output_1[525]=034ee660
Output_1[526]=fe9baf00
Output_1[527]=0535d600
Output_1[528]=0267ef40
Output_1[529]=f67536e0
Output_1[530]=0251f800
Output_1[531]=05f81560
Output_1[532]=fdadaaa0
Output_1[533]=fefe34a0
Output_1[534]=ffe55540
Output_1[535]=01df3200
Output_1[536]=0376a840
Output_1[537]=04ccdec0
Output_1[538]=014b6ec0
Output_1[539]=f9454de0
Output_1[540]=fab3cb00
Output_1[541]=0663c3c0
Output_1[542]=10a07720
Output_1[543]=07e58100
Output_1[544]=01453b60
Output_1[545]=007d1ba0
Output_1[546]=ff1c8520
Output_1[547]=fe5b6840
Output_1[548]=0327b5c0
Output_1[549]=f9fac920
Output_1[550]=fdb87260
Output_1[551]=fec1a860
Output_1[552]=06367480
Output_1[553]=02bceba0
Output_1[554]=fe8e4f40
Output_1[555]=ff0c44c0
Output_1[556]=fab19060
Output_1[557]=ffe2fb80
Output_1[558]=fd03a780
Output_1[559]=06508e00
Output_1[560]=008939c0
Output_1[561]=ff8b5cc0
Output_1[562]=fae28fc0
Output_1[563]=ff7c00a0
Output_1[564]=ffb1d2a0
Output_1[565]=f3ec6980
Output_1[566]=05e21e20
Output_1[567]=fda6bc80
Output_1[568]=ff82c540
Output_1[569]=045ed6a0
Output_1[570]=023de860
Output_1[571]=fcb9f9c0
Output_1[572]=fce03bc0
Output_1[573]=076f7d00
Output_1[574]=fea8efa0
Output_1[575]=fe5bbb40
Output_1[576]=01d3d900
Output_1[577]=f82162c0
Output_1[578]=00315cc0
Output_1[579]=007c9f20
Output_1[580]=097bd4c0
Output_1[581]=fd5d7680
Output_1[582]=f9b1ffa0
Output_1[583]=00ee80e0
Output_1[584]=038e3e80
Output_1[585]=012f05e0
Output_1[586]=fd96c4c0
Output_1[587]=ff3cfb80
Output_1[588]=01c49c00
Output_1[589]=017944e0
Output_1[590]=f8a22e80
Output_1[591]=027f8580
Output_1[592]=fcd2e660
Output_1[593]=fde71800
Output_1[594]=032551a0
Output_1[595]=05d71820
Output_1[596]=feee1dc0
Output_1[597]=03927580
Output_1[598]=fe844ca0
Output_1[599]=038184c0
Output_1[600]=f9faf2a0
Output_1[601]=fc4b5600
Output_1[602]=0d6a9220
Output_1[603]=ffe21740
Output_1[604]=044a2100
Output_1[605]=f3b6e020
Output_1[606]=ffd44560
Output_1[607]=060f43e0
Output_1[608]=faf8c540
Output_1[609]=077ea540
Output_1[610]=fbe292a0
Output_1[611]=fda09de0
Output_1[612]=039f8240
Output_1[613]=ffb4c800
Output_1[614]=fca45fe0
Output_1[615]=ff462440
Output_1[616]=f897f800
Output_1[617]=f91dca40
Output_1[618]=00477320
Output_1[619]=0065c3a0
Output_1[620]=fbaf4e40
Output_1[621]=fc8b68e0
Output_1[622]=fe6a9080
Output_1[623]=02766720
Output_1[624]=fd71d920
Output_1[625]=00c076e0
Output_1[626]=020be5a0
Output_1[627]=08a0f160
Output_1[628]=00d874e0
Output_1[629]=ff5fb6e0
Output_1[630]=fb38f740
Output_1[631]=04c19a80
Output_1[632]=019e9840
Output_1[633]=00fc33a0
Output_1[634]=009346c0
Output_1[635]=fd1a8300
Output_1[636]=f82208c0
Output_1[637]=f530ea20
Output_1[638]=f940d8a0
Output_1[639]=14fc96a0
Output_1[640]=f9320dc0
Output_1[641]=02c5ffa0
Output_1[642]=fd947fc0
Output_1[643]=01fd5900
Output_1[644]=f8696720
Output_1[645]=fd696b20
Output_1[646]=ff5f5980
Output_1[647]=ff41b960
Output_1[648]=00dee680
Output_1[649]=02d34040
Output_1[650]=f84e0c00
Output_1[651]=feb37920
Output_1[652]=04087980
Output_1[653]=fe887940
Output_1[654]=069849c0
Output_1[655]=fbca9f00
Output_1[656]=f9307920
Output_1[657]=fe9f35a0
Output_1[658]=025293a0
Output_1[659]=0725c4e0
Output_1[660]=ffce26c0
Output_1[661]=012241c0
Output_1[662]=f8fccd00
Output_1[663]=0258e620
Output_1[664]=fdb2f9c0
Output_1[665]=1159ace0
Output_1[666]=011fe800
Output_1[667]=037247c0
Output_1[668]=fdf8d840
Output_1[669]=06b7e640
Output_1[670]=fb5aa4e0
Output_1[671]=ff06b760
Output_1[672]=00f3d000
Output_1[673]=fdd2b560
Output_1[674]=028b9940
Output_1[675]=ff42bcc0
Output_1[676]=ff0925e0
Output_1[677]=fe6da500
Output_1[678]=09ba5300
Output_1[679]=0bd5f220
Output_1[680]=00b5ce40
Output_1[681]=012486c0
Output_1[682]=0172c8e0
Output_1[683]=fe4d9660
Output_1[684]=0371e000
Output_1[685]=042bdae0
Output_1[686]=0db0ed20
Output_1[687]=0635af60
Output_1[688]=009dc5e0
Output_1[689]=ff8f3660
Output_1[690]=15082380
Output_1[691]=0050eee0
Output_1[692]=112672e0
Output_1[693]=0bd4c540
Output_1[694]=0349a1a0
Output_1[695]=ffa2e8a0
Output_1[696]=f8304cc0
Output_1[697]=00ad55e0
Output_1[698]=feac5720
Output_1[699]=04ad7620
Output_1[700]=0563ea60
Output_1[701]=fc56ed40
Output_1[702]=ff65ea40
Output_1[703]=ffc5f700
Output_1[704]=ff032660
Output_1[705]=0006ba40
Output_1[706]=fe51f6e0
Output_1[707]=0ca7ffc0
Output_1[708]=0a188280
Output_1[709]=feaaadc0
Output_1[710]=07a3b000
Output_1[711]=feb19180
Output_1[712]=ff621b00
Output_1[713]=02766720
Output_1[714]=fce9a2c0
Output_1[715]=004350e0
Output_1[716]=02ae73c0
Output_1[717]=fc4a0a00
Output_1[718]=01bd5ae0
Output_1[719]=02ca0d20
Output_1[720]=fabc5820
Output_1[721]=fd9b9760
Output_1[722]=f9c5c6a0
Output_1[723]=fcd88880
Output_1[724]=f4d74f00
Output_1[725]=074bdd60
Output_1[726]=012a90a0
Output_1[727]=fcd41340
Output_1[728]=014f5d20
Output_1[729]=fd5546c0
Output_1[730]=f6db4d80
Output_1[731]=029a1120
Output_1[732]=fed6ef40
Output_1[733]=f9225ea0
Output_1[734]=f64e3a20
Output_1[735]=0138b580
Output_1[736]=fead45c0
Output_1[737]=f1f17f00
Output_1[738]=fd421b60
Output_1[739]=07048960
Output_1[740]=f4dbb9e0
Output_1[741]=f9a2b840
Output_1[742]=ffaaeee0
Output_1[743]=0061ea00
Output_1[744]=10c1bd00
Output_1[745]=fe2bb4e0
Output_1[746]=01ec1540
Output_1[747]=051d1d40
Output_1[748]=f46c46a0
Output_1[749]=01983100
Output_1[750]=04d9c200
Output_1[751]=f819cea0
Output_1[752]=fe0aeb80
Output_1[753]=074d4880
Output_1[754]=ffd55d80
Output_1[755]=07d7af20
Output_1[756]=ff43b5c0
Output_1[757]=0269d6e0
Output_1[758]=fbec5700
Output_1[759]=060af820
Output_1[760]=0357e5a0
Output_1[761]=02531020
Output_1[762]=03586c80
Output_1[763]=04c058e0
Output_1[764]=f6a37f20
Output_1[765]=00023040
Output_1[766]=fb5f81e0
Output_1[767]=f84a1da0
Output_1[768]=00611020
Output_1[769]=05391e60
Output_1[770]=fcc890c0
Output_1[771]=fd59fa40
Output_1[772]=f9e94720
Output_1[773]=fef1cde0
Output_1[774]=f36cdf60
Output_1[775]=01cb2cc0
Output_1[776]=f2b3a9a0
Output_1[777]=fa3fa440
Output_1[778]=f90a4be0
Output_1[779]=08b26900
Output_1[780]=f978fa00
Output_1[781]=fcf75580
Output_1[782]=03e34540
Output_1[783]=0062b980
Output_1[784]=029c17e0
Output_1[785]=06a448c0
Output_1[786]=fde69120
Output_1[787]=07a54f00
Output_1[788]=01108be0
Output_1[789]=022de640
Output_1[790]=fbdc88c0
Output_1[791]=fa1aec80
Output_1[792]=0df56ae0
Output_1[793]=01f37fe0
Output_1[794]=fe84fd00
Output_1[795]=043079a0
Output_1[796]=005aa8e0
Output_1[797]=0aa66fc0
Output_1[798]=00c2bbe0
Output_1[799]=fea7a3a0
Output_1[800]=fd1f1760
Output_1[801]=02124280
Output_1[802]=f83dac80
Output_1[803]=f76b8a20
Output_1[804]=fb534f00
Output_1[805]=fe33e4a0
Output_1[806]=fbca41a0
Output_1[807]=09102660
Output_1[808]=03fa73c0
Output_1[809]=01c56b80
Output_1[810]=fde283a0
Output_1[811]=f79b3320
Output_1[812]=00feac80
Output_1[813]=01189c80
Output_1[814]=fe09ddc0
Output_1[815]=0243dd80
Output_1[816]=ffba93a0
Output_1[817]=02981f20
Output_1[818]=ffedae80
Output_1[819]=01886d20
Output_1[820]=ff9e5440
Output_1[821]=01c153a0
Output_1[822]=022e2480
Output_1[823]=03ee02a0
Output_1[824]=f16f3360
Output_1[825]=024fdc80
Output_1[826]=0474e2a0
Output_1[827]=04aaaa40
Output_1[828]=056b5f60
Output_1[829]=026b75e0
Output_1[830]=ff531c40
Output_1[831]=02d2f7a0
Output_1[832]=f3efa780
Output_1[833]=0415a560
Output_1[834]=fbd83d00
Output_1[835]=035a3f60
Output_1[836]=04852300
Output_1[837]=fc05d4e0
Output_1[838]=fabab920
Output_1[839]=fd0b3ba0
Output_1[840]=07b704e0
Output_1[841]=02934c80
Output_1[842]=00b6c740
Output_1[843]=ff1e8180
Output_1[844]=fcb78b40
Output_1[845]=010bce00
Output_1[846]=f812b700
Output_1[847]=0e4dd920
Output_1[848]=0015d820
Output_1[849]=000c1e20
Output_1[850]=fe8e25c0
Output_1[851]=0c2f3a40
Output_1[852]=02f766c0
Output_1[853]=fe61b060
Output_1[854]=067a6b60
Output_1[855]=fe1d32a0
Output_1[856]=fa1d2720
Output_1[857]=03667240
Output_1[858]=f91405e0
Output_1[859]=ffede260
Output_1[860]=ff2f5320
Output_1[861]=f6c359e0
Output_1[862]=f5c89160
Output_1[863]=fc11a000
Output_1[864]=ff113680
Output_1[865]=009ab160
Output_1[866]=f9a32a60
Output_1[867]=fbbe2de0
Output_1[868]=fe41ff20
Output_1[869]=fdf8cde0
Output_1[870]=05e81340
Output_1[871]=0aaea9e0
Output_1[872]=f7d65440
Output_1[873]=fedff8e0
Output_1[874]=0083a200
Output_1[875]=fb2f85e0
Output_1[876]=fd046240
Output_1[877]=fe43f120
Output_1[878]=09d531a0
Output_1[879]=fd812080
Output_1[880]=f905f5c0
Output_1[881]=fcb16ca0
Output_1[882]=023e11e0
Output_1[883]=06521840
Output_1[884]=062e8300
Output_1[885]=f1f8ab60
Output_1[886]=00929660
Output_1[887]=026607a0
Output_1[888]=037fd100
Output_1[889]=042c6c20
Output_1[890]=fce9e100
Output_1[891]=fd7e1660
Output_1[892]=fa1ed080
Output_1[893]=07304400
Output_1[894]=fd065440
Output_1[895]=faa4f5c0
Output_1[896]=fee621e0
Output_1[897]=fa436920
Output_1[898]=065a5cc0
Output_1[899]=f80c4560
Output_1[900]=048d5d20
Output_1[901]=f7e7f560
Output_1[902]=fec469e0
Output_1[903]=00e1e640
Output_1[904]=f7ab92a0
Output_1[905]=fa62f0e0
Output_1[906]=00ef5060
Output_1[907]=00bb8520
Output_1[908]=08eeb700
Output_1[909]=ffaa0aa0
Output_1[910]=03abb520
Output_1[911]=fdb39560
Output_1[912]=04f83c00
Output_1[913]=0b752040
Output_1[914]=01ebcca0
Output_1[915]=fc2a8240
Output_1[916]=01d474a0
Output_1[917]=02362ac0
Output_1[918]=05935520
Output_1[919]=fbe9f2e0
Output_1[920]=0299e7a0
Output_1[921]=05311820
Output_1[922]=041be320
Output_1[923]=05a3c960
Output_1[924]=fcfbe9e0
Output_1[925]=fc9abaa0
Output_1[926]=fbf6c160
Output_1[927]=f62c8c80
Output_1[928]=029cd2a0
Output_1[929]=fa6b1640
Output_1[930]=039ba8a0
Output_1[931]=03bed620
Output_1[932]=fd315420
Output_1[933]=ff55bea0
Output_1[934]=fac3d780
Output_1[935]=03bdd2c0
Output_1[936]=0cd21b60
Output_1[937]=fe2346e0
Output_1[938]=fccfd1e0
Output_1[939]=fda21360
Output_1[940]=02905720
Output_1[941]=fe208560
Output_1[942]=fa70b860
Output_1[943]=07417d60
Output_1[944]=ff7ae880
Output_1[945]=0c525300
Output_1[946]=f46e4d60
Output_1[947]=fdb3bee0
Output_1[948]=06ec8b60
Output_1[949]=009c3ba0
Output_1[950]=fe835e00
Output_1[951]=00161660
Output_1[952]=fc026300
Output_1[953]=fbfa1420
Output_1[954]=feeba4e0
Output_1[955]=ff5ed2a0
Output_1[956]=fbc2e160
Output_1[957]=fea00f80
Output_1[958]=02a93960
Output_1[959]=01e46c60
Output_1[960]=0a4a3240
Output_1[961]=04381820
Output_1[962]=027563c0
Output_1[963]=0224b320
Output_1[964]=f6c8bdc0
Output_1[965]=fd9ba1c0
Output_1[966]=03c60ce0
Output_1[967]=00943560
Output_1[968]=fa4fda40
Output_1[969]=0112db40
Output_1[970]=0041fa80
Output_1[971]=fd28f080
Output_1[972]=02440700
Output_1[973]=02749440
Output_1[974]=06f3cc80
Output_1[975]=01eabee0
Output_1[976]=046cfb80
Output_1[977]=0733ab80
Output_1[978]=048326a0
Output_1[979]=0379c720
Output_1[980]=025c0f60
Output_1[981]=00b31720
Output_1[982]=005122c0
Output_1[983]=ffa2bf20
Output_1[984]=ff1632a0
Output_1[985]=fb72ad40
Output_1[986]=0487da20
Output_1[987]=fe712140
Output_1[988]=02b6ec20
Output_1[989]=fe508160
Output_1[990]=fd418a20
Output_1[991]=fe1490c0
Output_1[992]=fb2578e0
Output_1[993]=fd557040
Output_1[994]=00c6c960
Output_1[995]=faa44560
Output_1[996]=fd24d8a0
Output_1[997]=fd1a63e0
Output_1[998]=ff2a6160
Output_1[999]=01e3fa40
Output_1[1000]=06fc78c0
Output_1[1001]=051293c0
Output_1[1002]=05bb4080
Output_1[1003]=018670c0
Output_1[1004]=09f49a40
Output_1[1005]=facfd680
Output_1[1006]=0062a4c0
Output_1[1007]=f980c200
Output_1[1008]=fe5ef940
Output_1[1009]=01c79160
Output_1[1010]=02e16520
Output_1[1011]=064199a0
Output_1[1012]=fc1d0360
Output_1[1013]=fff10ba0
Output_1[1014]=03f42ba0
Output_1[1015]=06381de0
Output_1[1016]=fa8f8560
Output_1[1017]=0207cdc0
Output_1[1018]=033c75c0
Output_1[1019]=067ccf80
Output_1[1020]=f94720c0
Output_1[1021]=fadc3d40
Output_1[1022]=f224f740
Output_1[1023]=f52b5260
input_num = 11523072
WARNING: Hls::stream 'sbb1' is read while empty, which may result in RTL simulation hanging.
Checking results:
We should get |   97.83   |    0.18   |     0.91    |  93.48   |   2.53   |    4.00    |

main parameter vector: 
m[0]: -45.719910 | m[1]: 362.704529 | m[2]: -180.539185 | m[3]: 47.138367 | m[4]: -63.850830 | m[5]: 73.420349 | m[6]: 87.189514 | m[7]: 2.254333 | m[8]: 78.820618 | m[9]: 138.497131 | m[10]: -201.623535 | m[11]: 89.970703 | m[12]: 11.291931 | m[13]: 117.265869 | m[14]: -92.062927 | m[15]: 6.453979 | m[16]: -24.600098 | m[17]: 51.317749 | m[18]: 288.559753 | m[19]: -109.737915 | m[20]: 62.685669 | m[21]: 153.249084 | m[22]: 119.028809 | m[23]: -99.058960 | m[24]: 71.272400 | m[25]: 78.592651 | m[26]: 197.398560 | m[27]: 31.388428 | m[28]: 19.660828 | m[29]: 8.009216 | 
+-----------+-----------+-------------+----------+----------+------------+
| Train TPR | Train FPR | Train Error | Test TPR | Test FPR | Test Error |
+-----------+-----------+-------------+----------+----------+------------+
|   56.39   |   44.97   |    44.47    |  53.26   |  44.94   |   45.60    |
+-----------+-----------+-------------+----------+----------+------------+
elapsed time: 1225111 us
